#
# There is insufficient memory for the Java Runtime Environment to continue.
# Native memory allocation (malloc) failed to allocate 935376 bytes for Chunk::new
# Possible reasons:
#   The system is out of physical RAM or swap space
#   The process is running with CompressedOops enabled, and the Java Heap may be blocking the growth of the native heap
# Possible solutions:
#   Reduce memory load on the system
#   Increase physical memory or swap space
#   Check if swap backing store is full
#   Decrease Java heap size (-Xmx/-Xms)
#   Decrease number of Java threads
#   Decrease Java thread stack sizes (-Xss)
#   Set larger code cache with -XX:ReservedCodeCacheSize=
#   JVM is running with Unscaled Compressed Oops mode in which the Java heap is
#     placed in the first 4GB address space. The Java Heap base address is the
#     maximum limit for the native heap growth. Please use -XX:HeapBaseMinAddress
#     to set the Java Heap base and to place the Java Heap above 4GB virtual address.
# This output file may be truncated or incomplete.
#
#  Out of Memory Error (./src/hotspot/share/memory/arena.cpp:197), pid=18704, tid=10272
#
# JRE version: OpenJDK Runtime Environment (11.0.10) (build 11.0.10+0-b96-7249189)
# Java VM: OpenJDK 64-Bit Server VM (11.0.10+0-b96-7249189, mixed mode, tiered, compressed oops, g1 gc, windows-amd64)
# No core dump will be written. Minidumps are not enabled by default on client versions of Windows
#

---------------  S U M M A R Y ------------

Command Line: --add-opens=java.base/java.util=ALL-UNNAMED --add-opens=java.base/java.lang=ALL-UNNAMED --add-opens=java.base/java.lang.invoke=ALL-UNNAMED --add-opens=java.base/java.util=ALL-UNNAMED --add-opens=java.prefs/java.util.prefs=ALL-UNNAMED --add-opens=java.prefs/java.util.prefs=ALL-UNNAMED --add-opens=java.base/java.nio.charset=ALL-UNNAMED --add-opens=java.base/java.net=ALL-UNNAMED --add-opens=java.base/java.util.concurrent.atomic=ALL-UNNAMED -Xmx2048m -Dfile.encoding=UTF-8 -Duser.country=KR -Duser.language=ko -Duser.variant org.gradle.launcher.daemon.bootstrap.GradleDaemon 7.0.2

Host: Intel(R) Core(TM) i5-10400F CPU @ 2.90GHz, 12 cores, 15G,  Windows 10 , 64 bit Build 19041 (10.0.19041.1466)
Time: Thu Jan 20 14:41:32 2022 대한민국 표준시 elapsed time: 12.989207 seconds (0d 0h 0m 12s)

---------------  T H R E A D  ---------------

Current thread (0x0000027efcb52800):  JavaThread "C2 CompilerThread2" daemon [_thread_in_native, id=10272, stack(0x000000fbbcc00000,0x000000fbbcd00000)]


Current CompileTask:
C2:  12989 12861       4       com.android.tools.r8.dex.j::a (1038 bytes)

Stack: [0x000000fbbcc00000,0x000000fbbcd00000]
Native frames: (J=compiled Java code, j=interpreted, Vv=VM code, C=native code)
V  [jvm.dll+0x5ecfaa]
V  [jvm.dll+0x722bd5]
V  [jvm.dll+0x72412d]
V  [jvm.dll+0x7247e3]
V  [jvm.dll+0x242928]
V  [jvm.dll+0xbc4fc]
V  [jvm.dll+0xbca0c]
V  [jvm.dll+0x2b4fd4]
V  [jvm.dll+0x506028]
V  [jvm.dll+0x203253]
V  [jvm.dll+0x1fd07c]
V  [jvm.dll+0x1fa77f]
V  [jvm.dll+0x18354c]
V  [jvm.dll+0x208ee7]
V  [jvm.dll+0x207731]
V  [jvm.dll+0x6eb1cf]
V  [jvm.dll+0x6e3d45]
V  [jvm.dll+0x5ebe96]
C  [ucrtbase.dll+0x21bb2]
C  [KERNEL32.DLL+0x17034]
C  [ntdll.dll+0x52651]


---------------  P R O C E S S  ---------------

Threads class SMR info:
_java_thread_list=0x0000027efdd51ba0, length=98, elements={
0x0000027ed99be800, 0x0000027ef5229000, 0x0000027ef522e000, 0x0000027ef52a3800,
0x0000027ef52a4000, 0x0000027ef52a7000, 0x0000027ef52b5800, 0x0000027ef52b7000,
0x0000027ef52ce800, 0x0000027ef5434800, 0x0000027ef76a0800, 0x0000027ef87b4000,
0x0000027ef6e13000, 0x0000027ef6d06000, 0x0000027ef74ea800, 0x0000027ef6c43800,
0x0000027ef6c44000, 0x0000027ef8a33000, 0x0000027ef6df5800, 0x0000027ef7a56000,
0x0000027ef7a57800, 0x0000027ef7a58800, 0x0000027ef7a59800, 0x0000027ef7cfa800,
0x0000027ef7a5a000, 0x0000027ef7a54800, 0x0000027ef7a5b000, 0x0000027ef7a55800,
0x0000027ef7a57000, 0x0000027ef8b55800, 0x0000027ef8b50800, 0x0000027ef8b56000,
0x0000027ef8b53000, 0x0000027ef8b51000, 0x0000027ef8b57800, 0x0000027ef8b52000,
0x0000027ef8b59800, 0x0000027ef8b5a000, 0x0000027ef8b58800, 0x0000027ef8b5b000,
0x0000027ef8b5c000, 0x0000027ef8b5c800, 0x0000027ef8b5d800, 0x0000027ef8b5e800,
0x0000027ef8b5f000, 0x0000027ef91c3800, 0x0000027ef91c5800, 0x0000027ef91c7800,
0x0000027ef91c9800, 0x0000027ef91c4800, 0x0000027ef91ca000, 0x0000027ef91cb000,
0x0000027ef91cc000, 0x0000027ef91c8800, 0x0000027ef91c7000, 0x0000027ef91c6000,
0x0000027ef91cd800, 0x0000027ef91ce800, 0x0000027ef91d2800, 0x0000027ef91cc800,
0x0000027ef91cf000, 0x0000027ef91d0800, 0x0000027ef91d0000, 0x0000027efca23000,
0x0000027efca25000, 0x0000027efca22000, 0x0000027efca24800, 0x0000027efca26000,
0x0000027efca23800, 0x0000027efca20800, 0x0000027efca27000, 0x0000027efca21000,
0x0000027efcb52800, 0x0000027efcb57800, 0x0000027efcb56800, 0x0000027efcb55800,
0x0000027efcb58000, 0x0000027efcb59000, 0x0000027efcb53800, 0x0000027efcb5a000,
0x0000027efcb5a800, 0x0000027efcb55000, 0x0000027efcb5e800, 0x0000027efcb5b800,
0x0000027efcb5d000, 0x0000027efcb5e000, 0x0000027efcb5f800, 0x0000027efcb5c800,
0x0000027efcb60800, 0x0000027efcb61000, 0x0000027e80c51000, 0x0000027e80c4f800,
0x0000027e80c52000, 0x0000027e80c4d000, 0x0000027e80c53800, 0x0000027e80c4e800,
0x0000027e80c52800, 0x0000027e80c4e000
}

Java Threads: ( => current thread )
  0x0000027ed99be800 JavaThread "main" [_thread_blocked, id=16388, stack(0x000000fbb9c00000,0x000000fbb9d00000)]
  0x0000027ef5229000 JavaThread "Reference Handler" daemon [_thread_blocked, id=6612, stack(0x000000fbba300000,0x000000fbba400000)]
  0x0000027ef522e000 JavaThread "Finalizer" daemon [_thread_blocked, id=14484, stack(0x000000fbba400000,0x000000fbba500000)]
  0x0000027ef52a3800 JavaThread "Signal Dispatcher" daemon [_thread_blocked, id=10540, stack(0x000000fbba500000,0x000000fbba600000)]
  0x0000027ef52a4000 JavaThread "Attach Listener" daemon [_thread_blocked, id=18080, stack(0x000000fbba600000,0x000000fbba700000)]
  0x0000027ef52a7000 JavaThread "Service Thread" daemon [_thread_blocked, id=18168, stack(0x000000fbba700000,0x000000fbba800000)]
  0x0000027ef52b5800 JavaThread "C2 CompilerThread0" daemon [_thread_in_native, id=11124, stack(0x000000fbba800000,0x000000fbba900000)]
  0x0000027ef52b7000 JavaThread "C1 CompilerThread0" daemon [_thread_blocked, id=17632, stack(0x000000fbba900000,0x000000fbbaa00000)]
  0x0000027ef52ce800 JavaThread "Sweeper thread" daemon [_thread_blocked, id=3412, stack(0x000000fbbaa00000,0x000000fbbab00000)]
  0x0000027ef5434800 JavaThread "Common-Cleaner" daemon [_thread_blocked, id=1260, stack(0x000000fbbab00000,0x000000fbbac00000)]
  0x0000027ef76a0800 JavaThread "Daemon health stats" [_thread_blocked, id=16964, stack(0x000000fbbb400000,0x000000fbbb500000)]
  0x0000027ef87b4000 JavaThread "Incoming local TCP Connector on port 53178" [_thread_in_native, id=2768, stack(0x000000fbbad00000,0x000000fbbae00000)]
  0x0000027ef6e13000 JavaThread "Daemon periodic checks" [_thread_blocked, id=20696, stack(0x000000fbbb300000,0x000000fbbb400000)]
  0x0000027ef6d06000 JavaThread "Daemon" [_thread_blocked, id=14908, stack(0x000000fbbb500000,0x000000fbbb600000)]
  0x0000027ef74ea800 JavaThread "Handler for socket connection from /127.0.0.1:53178 to /127.0.0.1:53179" [_thread_in_native, id=11860, stack(0x000000fbbb600000,0x000000fbbb700000)]
  0x0000027ef6c43800 JavaThread "Cancel handler" [_thread_blocked, id=15816, stack(0x000000fbbb700000,0x000000fbbb800000)]
  0x0000027ef6c44000 JavaThread "Daemon worker" [_thread_blocked, id=3208, stack(0x000000fbbb800000,0x000000fbbb900000)]
  0x0000027ef8a33000 JavaThread "Asynchronous log dispatcher for DefaultDaemonConnection: socket connection from /127.0.0.1:53178 to /127.0.0.1:53179" [_thread_blocked, id=12432, stack(0x000000fbbb900000,0x000000fbbba00000)]
  0x0000027ef6df5800 JavaThread "Stdin handler" [_thread_blocked, id=3064, stack(0x000000fbbba00000,0x000000fbbbb00000)]
  0x0000027ef7a56000 JavaThread "Daemon client event forwarder" [_thread_blocked, id=13620, stack(0x000000fbbbb00000,0x000000fbbbc00000)]
  0x0000027ef7a57800 JavaThread "Cache worker for file hash cache (C:\Users\user\.gradle\caches\7.0.2\fileHashes)" [_thread_blocked, id=9924, stack(0x000000fbbbc00000,0x000000fbbbd00000)]
  0x0000027ef7a58800 JavaThread "File lock request listener" [_thread_in_native, id=20820, stack(0x000000fbbbd00000,0x000000fbbbe00000)]
  0x0000027ef7a59800 JavaThread "Cache worker for journal cache (C:\Users\user\.gradle\caches\journal-1)" [_thread_blocked, id=21308, stack(0x000000fbbc400000,0x000000fbbc500000)]
  0x0000027ef7cfa800 JavaThread "C2 CompilerThread1" daemon [_thread_in_native, id=8860, stack(0x000000fbbc500000,0x000000fbbc600000)]
  0x0000027ef7a5a000 JavaThread "Cache worker for file hash cache (C:\Users\user\AndroidStudioProjects\Upchat-master\.gradle\7.0.2\fileHashes)" [_thread_blocked, id=17352, stack(0x000000fbbc600000,0x000000fbbc700000)]
  0x0000027ef7a54800 JavaThread "File watcher server" daemon [_thread_in_native, id=20904, stack(0x000000fbbc700000,0x000000fbbc800000)]
  0x0000027ef7a5b000 JavaThread "File watcher consumer" daemon [_thread_blocked, id=2704, stack(0x000000fbbc800000,0x000000fbbc900000)]
  0x0000027ef7a55800 JavaThread "Cache worker for checksums cache (C:\Users\user\AndroidStudioProjects\Upchat-master\.gradle\checksums)" [_thread_blocked, id=14656, stack(0x000000fbbc900000,0x000000fbbca00000)]
  0x0000027ef7a57000 JavaThread "Cache worker for cache directory md-supplier (C:\Users\user\.gradle\caches\7.0.2\md-supplier)" [_thread_blocked, id=10268, stack(0x000000fbbca00000,0x000000fbbcb00000)]
  0x0000027ef8b55800 JavaThread "Cache worker for cache directory md-rule (C:\Users\user\.gradle\caches\7.0.2\md-rule)" [_thread_blocked, id=21752, stack(0x000000fbbcb00000,0x000000fbbcc00000)]
  0x0000027ef8b50800 JavaThread "Cache worker for execution history cache (C:\Users\user\.gradle\caches\7.0.2\executionHistory)" [_thread_blocked, id=2184, stack(0x000000fbbcd00000,0x000000fbbce00000)]
  0x0000027ef8b56000 JavaThread "jar transforms" [_thread_blocked, id=18464, stack(0x000000fbbce00000,0x000000fbbcf00000)]
  0x0000027ef8b53000 JavaThread "jar transforms Thread 2" [_thread_blocked, id=12468, stack(0x000000fbbcf00000,0x000000fbbd000000)]
  0x0000027ef8b51000 JavaThread "Cache worker for file content cache (C:\Users\user\.gradle\caches\7.0.2\fileContent)" [_thread_blocked, id=7804, stack(0x000000fbbd000000,0x000000fbbd100000)]
  0x0000027ef8b57800 JavaThread "Cache worker for dependencies-accessors (C:\Users\user\AndroidStudioProjects\Upchat-master\.gradle\7.0.2\dependencies-accessors)" [_thread_blocked, id=18792, stack(0x000000fbbd100000,0x000000fbbd200000)]
  0x0000027ef8b52000 JavaThread "jar transforms Thread 3" [_thread_blocked, id=5548, stack(0x000000fbbd200000,0x000000fbbd300000)]
  0x0000027ef8b59800 JavaThread "Cache worker for Build Output Cleanup Cache (C:\Users\user\AndroidStudioProjects\Upchat-master\.gradle\buildOutputCleanup)" [_thread_blocked, id=288, stack(0x000000fbbd300000,0x000000fbbd400000)]
  0x0000027ef8b5a000 JavaThread "Build operations" [_thread_blocked, id=20296, stack(0x000000fbbd400000,0x000000fbbd500000)]
  0x0000027ef8b58800 JavaThread "Build operations Thread 2" [_thread_blocked, id=5868, stack(0x000000fbbd500000,0x000000fbbd600000)]
  0x0000027ef8b5b000 JavaThread "Build operations Thread 3" [_thread_blocked, id=17372, stack(0x000000fbbd600000,0x000000fbbd700000)]
  0x0000027ef8b5c000 JavaThread "Build operations Thread 4" [_thread_blocked, id=10060, stack(0x000000fbbd700000,0x000000fbbd800000)]
  0x0000027ef8b5c800 JavaThread "Build operations Thread 5" [_thread_blocked, id=18848, stack(0x000000fbbd800000,0x000000fbbd900000)]
  0x0000027ef8b5d800 JavaThread "Build operations Thread 6" [_thread_blocked, id=7428, stack(0x000000fbbd900000,0x000000fbbda00000)]
  0x0000027ef8b5e800 JavaThread "Build operations Thread 7" [_thread_blocked, id=14736, stack(0x000000fbbda00000,0x000000fbbdb00000)]
  0x0000027ef8b5f000 JavaThread "Build operations Thread 8" [_thread_blocked, id=19248, stack(0x000000fbbdb00000,0x000000fbbdc00000)]
  0x0000027ef91c3800 JavaThread "Build operations Thread 9" [_thread_blocked, id=16992, stack(0x000000fbbdc00000,0x000000fbbdd00000)]
  0x0000027ef91c5800 JavaThread "Build operations Thread 10" [_thread_blocked, id=15984, stack(0x000000fbbdd00000,0x000000fbbde00000)]
  0x0000027ef91c7800 JavaThread "Build operations Thread 11" [_thread_blocked, id=32, stack(0x000000fbbde00000,0x000000fbbdf00000)]
  0x0000027ef91c9800 JavaThread "Build operations Thread 12" [_thread_blocked, id=9164, stack(0x000000fbbdf00000,0x000000fbbe000000)]
  0x0000027ef91c4800 JavaThread "jar transforms Thread 4" [_thread_blocked, id=15624, stack(0x000000fbbe000000,0x000000fbbe100000)]
  0x0000027ef91ca000 JavaThread "jar transforms Thread 5" [_thread_blocked, id=12404, stack(0x000000fbbe100000,0x000000fbbe200000)]
  0x0000027ef91cb000 JavaThread "jar transforms Thread 6" [_thread_blocked, id=21448, stack(0x000000fbbe200000,0x000000fbbe300000)]
  0x0000027ef91cc000 JavaThread "jar transforms Thread 7" [_thread_blocked, id=21624, stack(0x000000fbbe300000,0x000000fbbe400000)]
  0x0000027ef91c8800 JavaThread "jar transforms Thread 8" [_thread_blocked, id=16848, stack(0x000000fbbe400000,0x000000fbbe500000)]
  0x0000027ef91c7000 JavaThread "jar transforms Thread 9" [_thread_blocked, id=15556, stack(0x000000fbbe500000,0x000000fbbe600000)]
  0x0000027ef91c6000 JavaThread "jar transforms Thread 10" [_thread_blocked, id=21388, stack(0x000000fbbe600000,0x000000fbbe700000)]
  0x0000027ef91cd800 JavaThread "jar transforms Thread 11" [_thread_blocked, id=21636, stack(0x000000fbbe700000,0x000000fbbe800000)]
  0x0000027ef91ce800 JavaThread "jar transforms Thread 12" [_thread_blocked, id=20148, stack(0x000000fbbe800000,0x000000fbbe900000)]
  0x0000027ef91d2800 JavaThread "Memory manager" [_thread_blocked, id=15856, stack(0x000000fbbea00000,0x000000fbbeb00000)]
  0x0000027ef91cc800 JavaThread "build event listener" [_thread_blocked, id=9868, stack(0x000000fbbeb00000,0x000000fbbec00000)]
  0x0000027ef91cf000 JavaThread "Execution worker for ':'" [_thread_blocked, id=14568, stack(0x000000fbbec00000,0x000000fbbed00000)]
  0x0000027ef91d0800 JavaThread "Execution worker for ':' Thread 2" [_thread_blocked, id=6588, stack(0x000000fbbed00000,0x000000fbbee00000)]
  0x0000027ef91d0000 JavaThread "Execution worker for ':' Thread 3" [_thread_blocked, id=740, stack(0x000000fbbee00000,0x000000fbbef00000)]
  0x0000027efca23000 JavaThread "Execution worker for ':' Thread 4" [_thread_blocked, id=8144, stack(0x000000fbbef00000,0x000000fbbf000000)]
  0x0000027efca25000 JavaThread "Execution worker for ':' Thread 5" [_thread_blocked, id=11868, stack(0x000000fbbf000000,0x000000fbbf100000)]
  0x0000027efca22000 JavaThread "Execution worker for ':' Thread 6" [_thread_blocked, id=5712, stack(0x000000fbbf100000,0x000000fbbf200000)]
  0x0000027efca24800 JavaThread "Execution worker for ':' Thread 7" [_thread_blocked, id=8788, stack(0x000000fbbf200000,0x000000fbbf300000)]
  0x0000027efca26000 JavaThread "Execution worker for ':' Thread 8" [_thread_blocked, id=20248, stack(0x000000fbbf300000,0x000000fbbf400000)]
  0x0000027efca23800 JavaThread "Execution worker for ':' Thread 9" [_thread_blocked, id=15316, stack(0x000000fbbf400000,0x000000fbbf500000)]
  0x0000027efca20800 JavaThread "Execution worker for ':' Thread 10" [_thread_blocked, id=7596, stack(0x000000fbbf500000,0x000000fbbf600000)]
  0x0000027efca27000 JavaThread "Execution worker for ':' Thread 11" [_thread_blocked, id=2344, stack(0x000000fbbf600000,0x000000fbbf700000)]
  0x0000027efca21000 JavaThread "Cache worker for execution history cache (C:\Users\user\AndroidStudioProjects\Upchat-master\.gradle\7.0.2\executionHistory)" [_thread_blocked, id=21692, stack(0x000000fbbf700000,0x000000fbbf800000)]
=>0x0000027efcb52800 JavaThread "C2 CompilerThread2" daemon [_thread_in_native, id=10272, stack(0x000000fbbcc00000,0x000000fbbcd00000)]
  0x0000027efcb57800 JavaThread "WorkerExecutor Queue" [_thread_blocked, id=10228, stack(0x000000fbbf800000,0x000000fbbf900000)]
  0x0000027efcb56800 JavaThread "WorkerExecutor Queue Thread 2" [_thread_blocked, id=14384, stack(0x000000fbbf900000,0x000000fbbfa00000)]
  0x0000027efcb55800 JavaThread "WorkerExecutor Queue Thread 3" [_thread_blocked, id=19720, stack(0x000000fbbfa00000,0x000000fbbfb00000)]
  0x0000027efcb58000 JavaThread "WorkerExecutor Queue Thread 4" [_thread_blocked, id=9720, stack(0x000000fbbfb00000,0x000000fbbfc00000)]
  0x0000027efcb59000 JavaThread "WorkerExecutor Queue Thread 5" [_thread_blocked, id=13532, stack(0x000000fbbfc00000,0x000000fbbfd00000)]
  0x0000027efcb53800 JavaThread "WorkerExecutor Queue Thread 6" [_thread_blocked, id=21924, stack(0x000000fbbfd00000,0x000000fbbfe00000)]
  0x0000027efcb5a000 JavaThread "WorkerExecutor Queue Thread 7" [_thread_blocked, id=9960, stack(0x000000fbbfe00000,0x000000fbbff00000)]
  0x0000027efcb5a800 JavaThread "WorkerExecutor Queue Thread 8" [_thread_blocked, id=20216, stack(0x000000fbbff00000,0x000000fbc0000000)]
  0x0000027efcb55000 JavaThread "WorkerExecutor Queue Thread 9" [_thread_blocked, id=10328, stack(0x000000fbc0000000,0x000000fbc0100000)]
  0x0000027efcb5e800 JavaThread "WorkerExecutor Queue Thread 10" [_thread_blocked, id=14028, stack(0x000000fbc0100000,0x000000fbc0200000)]
  0x0000027efcb5b800 JavaThread "WorkerExecutor Queue Thread 11" [_thread_blocked, id=5884, stack(0x000000fbc0200000,0x000000fbc0300000)]
  0x0000027efcb5d000 JavaThread "WorkerExecutor Queue Thread 12" [_thread_blocked, id=10804, stack(0x000000fbc0300000,0x000000fbc0400000)]
  0x0000027efcb5e000 JavaThread "WorkerExecutor Queue Thread 13" [_thread_blocked, id=16404, stack(0x000000fbc0400000,0x000000fbc0500000)]
  0x0000027efcb5f800 JavaThread "ForkJoinPool-1-worker-19" daemon [_thread_blocked, id=14368, stack(0x000000fbc0600000,0x000000fbc0700000)]
  0x0000027efcb5c800 JavaThread "ForkJoinPool-1-worker-5" daemon [_thread_blocked, id=12116, stack(0x000000fbc0700000,0x000000fbc0800000)]
  0x0000027efcb60800 JavaThread "ForkJoinPool-1-worker-23" daemon [_thread_blocked, id=2644, stack(0x000000fbc0800000,0x000000fbc0900000)]
  0x0000027efcb61000 JavaThread "ForkJoinPool-1-worker-9" daemon [_thread_blocked, id=17532, stack(0x000000fbc0900000,0x000000fbc0a00000)]
  0x0000027e80c51000 JavaThread "ForkJoinPool-1-worker-27" daemon [_thread_blocked, id=2148, stack(0x000000fbc0a00000,0x000000fbc0b00000)]
  0x0000027e80c4f800 JavaThread "ForkJoinPool-1-worker-13" daemon [_thread_blocked, id=2924, stack(0x000000fbc0b00000,0x000000fbc0c00000)]
  0x0000027e80c52000 JavaThread "ForkJoinPool-1-worker-17" daemon [_thread_blocked, id=18928, stack(0x000000fbc0c00000,0x000000fbc0d00000)]
  0x0000027e80c4d000 JavaThread "ForkJoinPool-1-worker-31" daemon [_thread_blocked, id=18812, stack(0x000000fbc0d00000,0x000000fbc0e00000)]
  0x0000027e80c53800 JavaThread "ForkJoinPool-1-worker-3" daemon [_thread_blocked, id=18320, stack(0x000000fbc0e00000,0x000000fbc0f00000)]
  0x0000027e80c4e800 JavaThread "ForkJoinPool-1-worker-21" daemon [_thread_blocked, id=608, stack(0x000000fbc0f00000,0x000000fbc1000000)]
  0x0000027e80c52800 JavaThread "ForkJoinPool-1-worker-7" daemon [_thread_blocked, id=696, stack(0x000000fbc1000000,0x000000fbc1100000)]
  0x0000027e80c4e000 JavaThread "ForkJoinPool-1-worker-25" daemon [_thread_blocked, id=12948, stack(0x000000fbc1100000,0x000000fbc1200000)]

Other Threads:
  0x0000027ef5226800 VMThread "VM Thread" [stack: 0x000000fbba200000,0x000000fbba300000] [id=6580]
  0x0000027ef5440800 WatcherThread [stack: 0x000000fbbac00000,0x000000fbbad00000] [id=20240]
  0x0000027ed99d7000 GCTaskThread "GC Thread#0" [stack: 0x000000fbb9d00000,0x000000fbb9e00000] [id=13100]
  0x0000027ef5b78800 GCTaskThread "GC Thread#1" [stack: 0x000000fbbae00000,0x000000fbbaf00000] [id=10648]
  0x0000027ef5e70000 GCTaskThread "GC Thread#2" [stack: 0x000000fbbaf00000,0x000000fbbb000000] [id=21604]
  0x0000027ef5e37800 GCTaskThread "GC Thread#3" [stack: 0x000000fbbb000000,0x000000fbbb100000] [id=8000]
  0x0000027ef6100000 GCTaskThread "GC Thread#4" [stack: 0x000000fbbb100000,0x000000fbbb200000] [id=16924]
  0x0000027ef60d4800 GCTaskThread "GC Thread#5" [stack: 0x000000fbbb200000,0x000000fbbb300000] [id=16168]
  0x0000027ef6809800 GCTaskThread "GC Thread#6" [stack: 0x000000fbbbe00000,0x000000fbbbf00000] [id=21088]
  0x0000027ef7f04800 GCTaskThread "GC Thread#7" [stack: 0x000000fbbbf00000,0x000000fbbc000000] [id=7744]
  0x0000027ef6687000 GCTaskThread "GC Thread#8" [stack: 0x000000fbbc000000,0x000000fbbc100000] [id=21976]
  0x0000027ef7912000 GCTaskThread "GC Thread#9" [stack: 0x000000fbbc100000,0x000000fbbc200000] [id=15348]
  0x0000027ed9a0a000 ConcurrentGCThread "G1 Main Marker" [stack: 0x000000fbb9e00000,0x000000fbb9f00000] [id=11544]
  0x0000027ed9a0b000 ConcurrentGCThread "G1 Conc#0" [stack: 0x000000fbb9f00000,0x000000fbba000000] [id=9088]
  0x0000027ef6cb1000 ConcurrentGCThread "G1 Conc#1" [stack: 0x000000fbbc200000,0x000000fbbc300000] [id=16824]
  0x0000027ef604a800 ConcurrentGCThread "G1 Conc#2" [stack: 0x000000fbbc300000,0x000000fbbc400000] [id=7704]
  0x0000027ed9a9e000 ConcurrentGCThread "G1 Refine#0" [stack: 0x000000fbba000000,0x000000fbba100000] [id=4800]
  0x0000027ef9517800 ConcurrentGCThread "G1 Refine#1" [stack: 0x000000fbbe900000,0x000000fbbea00000] [id=17860]
  0x0000027e81482800 ConcurrentGCThread "G1 Refine#2" [stack: 0x000000fbc0500000,0x000000fbc0600000] [id=9656]
  0x0000027ef4872800 ConcurrentGCThread "G1 Young RemSet Sampling" [stack: 0x000000fbba100000,0x000000fbba200000] [id=17980]

Threads with active compile tasks:
C2 CompilerThread0  13021 12989       4       com.android.tools.r8.code.w1::a (4137 bytes)
C2 CompilerThread1  13021 13101       4       com.android.tools.r8.graph.S::a (48 bytes)
C2 CompilerThread2  13021 12861       4       com.android.tools.r8.dex.j::a (1038 bytes)

VM state:at safepoint (normal execution)

VM Mutex/Monitor currently owned by a thread:  ([mutex/lock_event])
[0x0000027ed99b9ac0] Threads_lock - owner thread: 0x0000027ef5226800
[0x0000027ed99b9010] Heap_lock - owner thread: 0x0000027ed9a0a000

Heap address: 0x0000000080000000, size: 2048 MB, Compressed Oops mode: 32-bit
Narrow klass base: 0x0000000000000000, Narrow klass shift: 3
Compressed class space size: 1073741824 Address: 0x0000000100000000

Heap:
 garbage-first heap   total 262144K, used 210636K [0x0000000080000000, 0x0000000100000000)
  region size 1024K, 24 young (24576K), 4 survivors (4096K)
 Metaspace       used 100428K, capacity 103079K, committed 103296K, reserved 1138688K
  class space    used 13167K, capacity 14186K, committed 14284K, reserved 1048576K
Heap Regions: E=young(eden), S=young(survivor), O=old, HS=humongous(starts), HC=humongous(continues), CS=collection set, F=free, A=archive, TAMS=top-at-mark-start (previous, next)
|   0|0x0000000080000000, 0x0000000080100000, 0x0000000080100000|100%| O|  |TAMS 0x0000000080100000, 0x0000000080100000| Untracked 
|   1|0x0000000080100000, 0x0000000080200000, 0x0000000080200000|100%| O|  |TAMS 0x0000000080200000, 0x0000000080200000| Untracked 
|   2|0x0000000080200000, 0x0000000080300000, 0x0000000080300000|100%| O|  |TAMS 0x0000000080300000, 0x0000000080300000| Untracked 
|   3|0x0000000080300000, 0x0000000080400000, 0x0000000080400000|100%|HS|  |TAMS 0x0000000080400000, 0x0000000080400000| Complete 
|   4|0x0000000080400000, 0x0000000080500000, 0x0000000080500000|100%|HC|  |TAMS 0x0000000080500000, 0x0000000080500000| Complete 
|   5|0x0000000080500000, 0x0000000080600000, 0x0000000080600000|100%|HC|  |TAMS 0x0000000080600000, 0x0000000080600000| Complete 
|   6|0x0000000080600000, 0x0000000080700000, 0x0000000080700000|100%| O|  |TAMS 0x0000000080700000, 0x0000000080700000| Untracked 
|   7|0x0000000080700000, 0x0000000080800000, 0x0000000080800000|100%| O|  |TAMS 0x0000000080800000, 0x0000000080800000| Untracked 
|   8|0x0000000080800000, 0x0000000080900000, 0x0000000080900000|100%| O|  |TAMS 0x0000000080900000, 0x0000000080900000| Untracked 
|   9|0x0000000080900000, 0x0000000080a00000, 0x0000000080a00000|100%| O|  |TAMS 0x0000000080a00000, 0x0000000080a00000| Untracked 
|  10|0x0000000080a00000, 0x0000000080b00000, 0x0000000080b00000|100%| O|  |TAMS 0x0000000080b00000, 0x0000000080b00000| Untracked 
|  11|0x0000000080b00000, 0x0000000080c00000, 0x0000000080c00000|100%| O|  |TAMS 0x0000000080c00000, 0x0000000080c00000| Untracked 
|  12|0x0000000080c00000, 0x0000000080d00000, 0x0000000080d00000|100%| O|  |TAMS 0x0000000080d00000, 0x0000000080d00000| Untracked 
|  13|0x0000000080d00000, 0x0000000080e00000, 0x0000000080e00000|100%| O|  |TAMS 0x0000000080e00000, 0x0000000080e00000| Untracked 
|  14|0x0000000080e00000, 0x0000000080f00000, 0x0000000080f00000|100%| O|  |TAMS 0x0000000080f00000, 0x0000000080f00000| Untracked 
|  15|0x0000000080f00000, 0x0000000081000000, 0x0000000081000000|100%| O|  |TAMS 0x0000000081000000, 0x0000000081000000| Untracked 
|  16|0x0000000081000000, 0x0000000081100000, 0x0000000081100000|100%|HS|  |TAMS 0x0000000081100000, 0x0000000081100000| Complete 
|  17|0x0000000081100000, 0x0000000081200000, 0x0000000081200000|100%|HS|  |TAMS 0x0000000081200000, 0x0000000081200000| Complete 
|  18|0x0000000081200000, 0x0000000081300000, 0x0000000081300000|100%|HS|  |TAMS 0x0000000081300000, 0x0000000081300000| Complete 
|  19|0x0000000081300000, 0x0000000081400000, 0x0000000081400000|100%|HS|  |TAMS 0x0000000081400000, 0x0000000081400000| Complete 
|  20|0x0000000081400000, 0x0000000081500000, 0x0000000081500000|100%|HC|  |TAMS 0x0000000081500000, 0x0000000081500000| Complete 
|  21|0x0000000081500000, 0x0000000081600000, 0x0000000081600000|100%|HC|  |TAMS 0x0000000081600000, 0x0000000081600000| Complete 
|  22|0x0000000081600000, 0x0000000081700000, 0x0000000081700000|100%|HS|  |TAMS 0x0000000081700000, 0x0000000081700000| Complete 
|  23|0x0000000081700000, 0x0000000081800000, 0x0000000081800000|100%|HC|  |TAMS 0x0000000081800000, 0x0000000081800000| Complete 
|  24|0x0000000081800000, 0x0000000081900000, 0x0000000081900000|100%| O|  |TAMS 0x0000000081900000, 0x0000000081900000| Untracked 
|  25|0x0000000081900000, 0x0000000081a00000, 0x0000000081a00000|100%| O|  |TAMS 0x0000000081a00000, 0x0000000081a00000| Untracked 
|  26|0x0000000081a00000, 0x0000000081b00000, 0x0000000081b00000|100%| O|  |TAMS 0x0000000081b00000, 0x0000000081b00000| Untracked 
|  27|0x0000000081b00000, 0x0000000081c00000, 0x0000000081c00000|100%| O|  |TAMS 0x0000000081c00000, 0x0000000081c00000| Untracked 
|  28|0x0000000081c00000, 0x0000000081d00000, 0x0000000081d00000|100%| O|  |TAMS 0x0000000081d00000, 0x0000000081d00000| Untracked 
|  29|0x0000000081d00000, 0x0000000081e00000, 0x0000000081e00000|100%| O|  |TAMS 0x0000000081e00000, 0x0000000081e00000| Untracked 
|  30|0x0000000081e00000, 0x0000000081f00000, 0x0000000081f00000|100%| O|  |TAMS 0x0000000081f00000, 0x0000000081f00000| Untracked 
|  31|0x0000000081f00000, 0x0000000082000000, 0x0000000082000000|100%| O|  |TAMS 0x0000000082000000, 0x0000000082000000| Untracked 
|  32|0x0000000082000000, 0x0000000082100000, 0x0000000082100000|100%| O|  |TAMS 0x0000000082100000, 0x0000000082100000| Untracked 
|  33|0x0000000082100000, 0x0000000082200000, 0x0000000082200000|100%| O|  |TAMS 0x0000000082200000, 0x0000000082200000| Untracked 
|  34|0x0000000082200000, 0x0000000082300000, 0x0000000082300000|100%| O|  |TAMS 0x0000000082300000, 0x0000000082300000| Untracked 
|  35|0x0000000082300000, 0x0000000082400000, 0x0000000082400000|100%| O|  |TAMS 0x0000000082400000, 0x0000000082400000| Untracked 
|  36|0x0000000082400000, 0x0000000082500000, 0x0000000082500000|100%| O|  |TAMS 0x0000000082500000, 0x0000000082500000| Untracked 
|  37|0x0000000082500000, 0x0000000082600000, 0x0000000082600000|100%| O|  |TAMS 0x0000000082600000, 0x0000000082600000| Untracked 
|  38|0x0000000082600000, 0x0000000082700000, 0x0000000082700000|100%| O|  |TAMS 0x0000000082700000, 0x0000000082700000| Untracked 
|  39|0x0000000082700000, 0x0000000082800000, 0x0000000082800000|100%| O|  |TAMS 0x0000000082800000, 0x0000000082800000| Untracked 
|  40|0x0000000082800000, 0x0000000082900000, 0x0000000082900000|100%| O|  |TAMS 0x0000000082900000, 0x0000000082900000| Untracked 
|  41|0x0000000082900000, 0x0000000082a00000, 0x0000000082a00000|100%| O|  |TAMS 0x0000000082a00000, 0x0000000082a00000| Untracked 
|  42|0x0000000082a00000, 0x0000000082b00000, 0x0000000082b00000|100%| O|  |TAMS 0x0000000082b00000, 0x0000000082b00000| Untracked 
|  43|0x0000000082b00000, 0x0000000082c00000, 0x0000000082c00000|100%| O|  |TAMS 0x0000000082c00000, 0x0000000082c00000| Untracked 
|  44|0x0000000082c00000, 0x0000000082d00000, 0x0000000082d00000|100%| O|  |TAMS 0x0000000082d00000, 0x0000000082d00000| Untracked 
|  45|0x0000000082d00000, 0x0000000082e00000, 0x0000000082e00000|100%| O|  |TAMS 0x0000000082e00000, 0x0000000082e00000| Untracked 
|  46|0x0000000082e00000, 0x0000000082f00000, 0x0000000082f00000|100%| O|  |TAMS 0x0000000082f00000, 0x0000000082f00000| Untracked 
|  47|0x0000000082f00000, 0x0000000083000000, 0x0000000083000000|100%| O|  |TAMS 0x0000000083000000, 0x0000000083000000| Untracked 
|  48|0x0000000083000000, 0x0000000083100000, 0x0000000083100000|100%| O|  |TAMS 0x0000000083100000, 0x0000000083100000| Untracked 
|  49|0x0000000083100000, 0x0000000083200000, 0x0000000083200000|100%| O|  |TAMS 0x0000000083200000, 0x0000000083200000| Untracked 
|  50|0x0000000083200000, 0x0000000083300000, 0x0000000083300000|100%| O|  |TAMS 0x0000000083300000, 0x0000000083300000| Untracked 
|  51|0x0000000083300000, 0x0000000083400000, 0x0000000083400000|100%| O|  |TAMS 0x0000000083400000, 0x0000000083400000| Untracked 
|  52|0x0000000083400000, 0x0000000083500000, 0x0000000083500000|100%| O|  |TAMS 0x0000000083500000, 0x0000000083500000| Untracked 
|  53|0x0000000083500000, 0x0000000083600000, 0x0000000083600000|100%| O|  |TAMS 0x0000000083600000, 0x0000000083600000| Untracked 
|  54|0x0000000083600000, 0x0000000083700000, 0x0000000083700000|100%| O|  |TAMS 0x0000000083700000, 0x0000000083700000| Untracked 
|  55|0x0000000083700000, 0x0000000083800000, 0x0000000083800000|100%| O|  |TAMS 0x0000000083800000, 0x0000000083800000| Untracked 
|  56|0x0000000083800000, 0x0000000083900000, 0x0000000083900000|100%| O|  |TAMS 0x0000000083900000, 0x0000000083900000| Untracked 
|  57|0x0000000083900000, 0x0000000083a00000, 0x0000000083a00000|100%| O|  |TAMS 0x0000000083a00000, 0x0000000083a00000| Untracked 
|  58|0x0000000083a00000, 0x0000000083b00000, 0x0000000083b00000|100%| O|  |TAMS 0x0000000083b00000, 0x0000000083b00000| Untracked 
|  59|0x0000000083b00000, 0x0000000083c00000, 0x0000000083c00000|100%| O|  |TAMS 0x0000000083c00000, 0x0000000083c00000| Untracked 
|  60|0x0000000083c00000, 0x0000000083d00000, 0x0000000083d00000|100%| O|  |TAMS 0x0000000083d00000, 0x0000000083d00000| Untracked 
|  61|0x0000000083d00000, 0x0000000083e00000, 0x0000000083e00000|100%| O|  |TAMS 0x0000000083e00000, 0x0000000083e00000| Untracked 
|  62|0x0000000083e00000, 0x0000000083f00000, 0x0000000083f00000|100%| O|  |TAMS 0x0000000083f00000, 0x0000000083f00000| Untracked 
|  63|0x0000000083f00000, 0x0000000084000000, 0x0000000084000000|100%| O|  |TAMS 0x0000000084000000, 0x0000000084000000| Untracked 
|  64|0x0000000084000000, 0x0000000084100000, 0x0000000084100000|100%| O|  |TAMS 0x0000000084100000, 0x0000000084100000| Untracked 
|  65|0x0000000084100000, 0x0000000084200000, 0x0000000084200000|100%| O|  |TAMS 0x0000000084200000, 0x0000000084200000| Untracked 
|  66|0x0000000084200000, 0x0000000084300000, 0x0000000084300000|100%| O|  |TAMS 0x0000000084300000, 0x0000000084300000| Untracked 
|  67|0x0000000084300000, 0x0000000084400000, 0x0000000084400000|100%| O|  |TAMS 0x0000000084400000, 0x0000000084400000| Untracked 
|  68|0x0000000084400000, 0x0000000084500000, 0x0000000084500000|100%| O|  |TAMS 0x0000000084500000, 0x0000000084500000| Untracked 
|  69|0x0000000084500000, 0x0000000084600000, 0x0000000084600000|100%| O|  |TAMS 0x0000000084600000, 0x0000000084600000| Untracked 
|  70|0x0000000084600000, 0x0000000084700000, 0x0000000084700000|100%| O|  |TAMS 0x0000000084700000, 0x0000000084700000| Untracked 
|  71|0x0000000084700000, 0x0000000084800000, 0x0000000084800000|100%| O|  |TAMS 0x0000000084800000, 0x0000000084700000| Updating 
|  72|0x0000000084800000, 0x0000000084900000, 0x0000000084900000|100%| O|  |TAMS 0x0000000084900000, 0x0000000084800000| Updating 
|  73|0x0000000084900000, 0x0000000084a00000, 0x0000000084a00000|100%| O|  |TAMS 0x0000000084a00000, 0x0000000084900000| Updating 
|  74|0x0000000084a00000, 0x0000000084b00000, 0x0000000084b00000|100%| O|  |TAMS 0x0000000084b00000, 0x0000000084a00000| Updating 
|  75|0x0000000084b00000, 0x0000000084c00000, 0x0000000084c00000|100%| O|  |TAMS 0x0000000084c00000, 0x0000000084b00000| Updating 
|  76|0x0000000084c00000, 0x0000000084d00000, 0x0000000084d00000|100%| O|  |TAMS 0x0000000084d00000, 0x0000000084c00000| Updating 
|  77|0x0000000084d00000, 0x0000000084e00000, 0x0000000084e00000|100%| O|  |TAMS 0x0000000084e00000, 0x0000000084d00000| Updating 
|  78|0x0000000084e00000, 0x0000000084f00000, 0x0000000084f00000|100%| O|  |TAMS 0x0000000084f00000, 0x0000000084e00000| Updating 
|  79|0x0000000084f00000, 0x0000000085000000, 0x0000000085000000|100%| O|  |TAMS 0x0000000085000000, 0x0000000084f00000| Updating 
|  80|0x0000000085000000, 0x0000000085100000, 0x0000000085100000|100%| O|  |TAMS 0x0000000085100000, 0x0000000085000000| Updating 
|  81|0x0000000085100000, 0x0000000085200000, 0x0000000085200000|100%| O|  |TAMS 0x0000000085200000, 0x0000000085100000| Updating 
|  82|0x0000000085200000, 0x0000000085300000, 0x0000000085300000|100%| O|  |TAMS 0x0000000085300000, 0x0000000085200000| Updating 
|  83|0x0000000085300000, 0x0000000085400000, 0x0000000085400000|100%| O|  |TAMS 0x0000000085400000, 0x0000000085300000| Updating 
|  84|0x0000000085400000, 0x0000000085500000, 0x0000000085500000|100%| O|  |TAMS 0x0000000085500000, 0x0000000085400000| Updating 
|  85|0x0000000085500000, 0x0000000085600000, 0x0000000085600000|100%| O|  |TAMS 0x0000000085600000, 0x0000000085500000| Updating 
|  86|0x0000000085600000, 0x0000000085700000, 0x0000000085700000|100%| O|  |TAMS 0x0000000085700000, 0x0000000085600000| Updating 
|  87|0x0000000085700000, 0x0000000085800000, 0x0000000085800000|100%| O|  |TAMS 0x0000000085800000, 0x0000000085700000| Updating 
|  88|0x0000000085800000, 0x0000000085900000, 0x0000000085900000|100%| O|  |TAMS 0x0000000085900000, 0x0000000085800000| Updating 
|  89|0x0000000085900000, 0x0000000085a00000, 0x0000000085a00000|100%|HS|  |TAMS 0x0000000085a00000, 0x0000000085900000| Complete 
|  90|0x0000000085a00000, 0x0000000085b00000, 0x0000000085b00000|100%|HC|  |TAMS 0x0000000085b00000, 0x0000000085a00000| Complete 
|  91|0x0000000085b00000, 0x0000000085c00000, 0x0000000085c00000|100%|HS|  |TAMS 0x0000000085c00000, 0x0000000085b00000| Complete 
|  92|0x0000000085c00000, 0x0000000085d00000, 0x0000000085d00000|100%|HS|  |TAMS 0x0000000085d00000, 0x0000000085c00000| Complete 
|  93|0x0000000085d00000, 0x0000000085e00000, 0x0000000085e00000|100%|HS|  |TAMS 0x0000000085e00000, 0x0000000085d00000| Complete 
|  94|0x0000000085e00000, 0x0000000085f00000, 0x0000000085f00000|100%|HS|  |TAMS 0x0000000085f00000, 0x0000000085e00000| Complete 
|  95|0x0000000085f00000, 0x0000000086000000, 0x0000000086000000|100%|HS|  |TAMS 0x0000000086000000, 0x0000000085f00000| Complete 
|  96|0x0000000086000000, 0x0000000086100000, 0x0000000086100000|100%|HS|  |TAMS 0x0000000086100000, 0x0000000086000000| Complete 
|  97|0x0000000086100000, 0x0000000086200000, 0x0000000086200000|100%|HC|  |TAMS 0x0000000086200000, 0x0000000086100000| Complete 
|  98|0x0000000086200000, 0x0000000086300000, 0x0000000086300000|100%|HC|  |TAMS 0x0000000086300000, 0x0000000086200000| Complete 
|  99|0x0000000086300000, 0x0000000086400000, 0x0000000086400000|100%| O|  |TAMS 0x0000000086400000, 0x0000000086300000| Updating 
| 100|0x0000000086400000, 0x0000000086500000, 0x0000000086500000|100%| O|  |TAMS 0x0000000086500000, 0x0000000086400000| Updating 
| 101|0x0000000086500000, 0x0000000086600000, 0x0000000086600000|100%|HS|  |TAMS 0x0000000086600000, 0x0000000086500000| Complete 
| 102|0x0000000086600000, 0x0000000086700000, 0x0000000086700000|100%|HC|  |TAMS 0x0000000086700000, 0x0000000086600000| Complete 
| 103|0x0000000086700000, 0x0000000086800000, 0x0000000086800000|100%| O|  |TAMS 0x0000000086800000, 0x0000000086700000| Updating 
| 104|0x0000000086800000, 0x0000000086900000, 0x0000000086900000|100%|HS|  |TAMS 0x0000000086900000, 0x0000000086800000| Complete 
| 105|0x0000000086900000, 0x0000000086a00000, 0x0000000086a00000|100%| O|  |TAMS 0x0000000086a00000, 0x0000000086900000| Updating 
| 106|0x0000000086a00000, 0x0000000086b00000, 0x0000000086b00000|100%|HS|  |TAMS 0x0000000086b00000, 0x0000000086a00000| Complete 
| 107|0x0000000086b00000, 0x0000000086c00000, 0x0000000086c00000|100%| O|  |TAMS 0x0000000086c00000, 0x0000000086b00000| Updating 
| 108|0x0000000086c00000, 0x0000000086d00000, 0x0000000086d00000|100%|HS|  |TAMS 0x0000000086d00000, 0x0000000086c00000| Complete 
| 109|0x0000000086d00000, 0x0000000086e00000, 0x0000000086e00000|100%| O|  |TAMS 0x0000000086e00000, 0x0000000086d00000| Updating 
| 110|0x0000000086e00000, 0x0000000086f00000, 0x0000000086f00000|100%|HS|  |TAMS 0x0000000086f00000, 0x0000000086e00000| Complete 
| 111|0x0000000086f00000, 0x0000000087000000, 0x0000000087000000|100%| O|  |TAMS 0x0000000087000000, 0x0000000086f00000| Updating 
| 112|0x0000000087000000, 0x0000000087100000, 0x0000000087100000|100%| O|  |TAMS 0x0000000087100000, 0x0000000087000000| Updating 
| 113|0x0000000087100000, 0x0000000087200000, 0x0000000087200000|100%| O|  |TAMS 0x0000000087200000, 0x0000000087100000| Updating 
| 114|0x0000000087200000, 0x0000000087300000, 0x0000000087300000|100%| O|  |TAMS 0x0000000087300000, 0x0000000087200000| Updating 
| 115|0x0000000087300000, 0x0000000087400000, 0x0000000087400000|100%| O|  |TAMS 0x0000000087400000, 0x0000000087300000| Updating 
| 116|0x0000000087400000, 0x0000000087500000, 0x0000000087500000|100%| O|  |TAMS 0x0000000087500000, 0x0000000087400000| Updating 
| 117|0x0000000087500000, 0x0000000087600000, 0x0000000087600000|100%| O|  |TAMS 0x0000000087600000, 0x0000000087500000| Updating 
| 118|0x0000000087600000, 0x0000000087700000, 0x0000000087700000|100%| O|  |TAMS 0x0000000087700000, 0x0000000087600000| Updating 
| 119|0x0000000087700000, 0x0000000087800000, 0x0000000087800000|100%| O|  |TAMS 0x0000000087800000, 0x0000000087700000| Updating 
| 120|0x0000000087800000, 0x0000000087900000, 0x0000000087900000|100%| O|  |TAMS 0x0000000087900000, 0x0000000087800000| Updating 
| 121|0x0000000087900000, 0x0000000087a00000, 0x0000000087a00000|100%| O|  |TAMS 0x0000000087a00000, 0x0000000087900000| Updating 
| 122|0x0000000087a00000, 0x0000000087b00000, 0x0000000087b00000|100%| O|  |TAMS 0x0000000087b00000, 0x0000000087a00000| Updating 
| 123|0x0000000087b00000, 0x0000000087c00000, 0x0000000087c00000|100%| O|  |TAMS 0x0000000087c00000, 0x0000000087b00000| Updating 
| 124|0x0000000087c00000, 0x0000000087d00000, 0x0000000087d00000|100%| O|  |TAMS 0x0000000087d00000, 0x0000000087c00000| Updating 
| 125|0x0000000087d00000, 0x0000000087e00000, 0x0000000087e00000|100%| O|  |TAMS 0x0000000087e00000, 0x0000000087d00000| Updating 
| 126|0x0000000087e00000, 0x0000000087f00000, 0x0000000087f00000|100%| O|  |TAMS 0x0000000087f00000, 0x0000000087e00000| Updating 
| 127|0x0000000087f00000, 0x0000000088000000, 0x0000000088000000|100%| O|  |TAMS 0x0000000088000000, 0x0000000087f00000| Updating 
| 128|0x0000000088000000, 0x0000000088100000, 0x0000000088100000|100%| O|  |TAMS 0x0000000088100000, 0x0000000088000000| Updating 
| 129|0x0000000088100000, 0x0000000088200000, 0x0000000088200000|100%| O|  |TAMS 0x0000000088200000, 0x0000000088100000| Updating 
| 130|0x0000000088200000, 0x0000000088300000, 0x0000000088300000|100%| O|  |TAMS 0x0000000088300000, 0x0000000088200000| Updating 
| 131|0x0000000088300000, 0x0000000088400000, 0x0000000088400000|100%| O|  |TAMS 0x0000000088400000, 0x0000000088300000| Updating 
| 132|0x0000000088400000, 0x0000000088500000, 0x0000000088500000|100%| O|  |TAMS 0x0000000088500000, 0x0000000088400000| Updating 
| 133|0x0000000088500000, 0x0000000088600000, 0x0000000088600000|100%| O|  |TAMS 0x0000000088600000, 0x0000000088500000| Updating 
| 134|0x0000000088600000, 0x0000000088700000, 0x0000000088700000|100%| O|  |TAMS 0x0000000088700000, 0x0000000088600000| Updating 
| 135|0x0000000088700000, 0x0000000088800000, 0x0000000088800000|100%| O|  |TAMS 0x0000000088800000, 0x0000000088700000| Updating 
| 136|0x0000000088800000, 0x0000000088900000, 0x0000000088900000|100%| O|  |TAMS 0x0000000088900000, 0x0000000088800000| Updating 
| 137|0x0000000088900000, 0x0000000088a00000, 0x0000000088a00000|100%|HS|  |TAMS 0x0000000088a00000, 0x0000000088900000| Complete 
| 138|0x0000000088a00000, 0x0000000088b00000, 0x0000000088b00000|100%| O|  |TAMS 0x0000000088b00000, 0x0000000088a00000| Updating 
| 139|0x0000000088b00000, 0x0000000088c00000, 0x0000000088c00000|100%| O|  |TAMS 0x0000000088c00000, 0x0000000088b00000| Updating 
| 140|0x0000000088c00000, 0x0000000088d00000, 0x0000000088d00000|100%| O|  |TAMS 0x0000000088d00000, 0x0000000088c00000| Updating 
| 141|0x0000000088d00000, 0x0000000088e00000, 0x0000000088e00000|100%|HS|  |TAMS 0x0000000088e00000, 0x0000000088d00000| Complete 
| 142|0x0000000088e00000, 0x0000000088f00000, 0x0000000088f00000|100%|HC|  |TAMS 0x0000000088f00000, 0x0000000088e00000| Complete 
| 143|0x0000000088f00000, 0x0000000089000000, 0x0000000089000000|100%|HC|  |TAMS 0x0000000089000000, 0x0000000088f00000| Complete 
| 144|0x0000000089000000, 0x0000000089100000, 0x0000000089100000|100%| O|  |TAMS 0x0000000089100000, 0x0000000089000000| Updating 
| 145|0x0000000089100000, 0x0000000089200000, 0x0000000089200000|100%| O|  |TAMS 0x0000000089200000, 0x0000000089100000| Updating 
| 146|0x0000000089200000, 0x0000000089300000, 0x0000000089300000|100%| O|  |TAMS 0x0000000089300000, 0x0000000089200000| Updating 
| 147|0x0000000089300000, 0x0000000089400000, 0x0000000089400000|100%| O|  |TAMS 0x0000000089400000, 0x0000000089300000| Updating 
| 148|0x0000000089400000, 0x0000000089500000, 0x0000000089500000|100%| O|  |TAMS 0x0000000089500000, 0x0000000089400000| Updating 
| 149|0x0000000089500000, 0x0000000089600000, 0x0000000089600000|100%| O|  |TAMS 0x0000000089600000, 0x0000000089500000| Updating 
| 150|0x0000000089600000, 0x0000000089700000, 0x0000000089700000|100%| O|  |TAMS 0x0000000089700000, 0x0000000089600000| Updating 
| 151|0x0000000089700000, 0x0000000089800000, 0x0000000089800000|100%| O|  |TAMS 0x0000000089800000, 0x0000000089700000| Updating 
| 152|0x0000000089800000, 0x0000000089900000, 0x0000000089900000|100%| O|  |TAMS 0x0000000089900000, 0x0000000089800000| Updating 
| 153|0x0000000089900000, 0x0000000089a00000, 0x0000000089a00000|100%| O|  |TAMS 0x0000000089a00000, 0x0000000089900000| Updating 
| 154|0x0000000089a00000, 0x0000000089b00000, 0x0000000089b00000|100%| O|  |TAMS 0x0000000089b00000, 0x0000000089a00000| Updating 
| 155|0x0000000089b00000, 0x0000000089c00000, 0x0000000089c00000|100%| O|  |TAMS 0x0000000089c00000, 0x0000000089b00000| Updating 
| 156|0x0000000089c00000, 0x0000000089d00000, 0x0000000089d00000|100%| O|  |TAMS 0x0000000089d00000, 0x0000000089c00000| Updating 
| 157|0x0000000089d00000, 0x0000000089e00000, 0x0000000089e00000|100%| O|  |TAMS 0x0000000089e00000, 0x0000000089d00000| Updating 
| 158|0x0000000089e00000, 0x0000000089f00000, 0x0000000089f00000|100%| O|  |TAMS 0x0000000089f00000, 0x0000000089e00000| Updating 
| 159|0x0000000089f00000, 0x000000008a000000, 0x000000008a000000|100%| O|  |TAMS 0x000000008a000000, 0x0000000089f00000| Updating 
| 160|0x000000008a000000, 0x000000008a100000, 0x000000008a100000|100%| O|  |TAMS 0x000000008a100000, 0x000000008a000000| Updating 
| 161|0x000000008a100000, 0x000000008a200000, 0x000000008a200000|100%| O|  |TAMS 0x000000008a200000, 0x000000008a100000| Updating 
| 162|0x000000008a200000, 0x000000008a300000, 0x000000008a300000|100%|HS|  |TAMS 0x000000008a300000, 0x000000008a200000| Complete 
| 163|0x000000008a300000, 0x000000008a400000, 0x000000008a400000|100%|HS|  |TAMS 0x000000008a400000, 0x000000008a300000| Complete 
| 164|0x000000008a400000, 0x000000008a500000, 0x000000008a500000|100%| O|  |TAMS 0x000000008a500000, 0x000000008a400000| Updating 
| 165|0x000000008a500000, 0x000000008a600000, 0x000000008a600000|100%| O|  |TAMS 0x000000008a600000, 0x000000008a500000| Updating 
| 166|0x000000008a600000, 0x000000008a700000, 0x000000008a700000|100%| O|  |TAMS 0x000000008a700000, 0x000000008a600000| Updating 
| 167|0x000000008a700000, 0x000000008a800000, 0x000000008a800000|100%| O|  |TAMS 0x000000008a800000, 0x000000008a700000| Updating 
| 168|0x000000008a800000, 0x000000008a900000, 0x000000008a900000|100%| O|  |TAMS 0x000000008a900000, 0x000000008a800000| Updating 
| 169|0x000000008a900000, 0x000000008aa00000, 0x000000008aa00000|100%| O|  |TAMS 0x000000008aa00000, 0x000000008a900000| Updating 
| 170|0x000000008aa00000, 0x000000008ab00000, 0x000000008ab00000|100%| O|  |TAMS 0x000000008ab00000, 0x000000008aa00000| Updating 
| 171|0x000000008ab00000, 0x000000008ac00000, 0x000000008ac00000|100%| O|  |TAMS 0x000000008ac00000, 0x000000008ab00000| Updating 
| 172|0x000000008ac00000, 0x000000008ad00000, 0x000000008ad00000|100%| O|  |TAMS 0x000000008ad00000, 0x000000008ac00000| Updating 
| 173|0x000000008ad00000, 0x000000008ae00000, 0x000000008ae00000|100%| O|  |TAMS 0x000000008ae00000, 0x000000008ad00000| Updating 
| 174|0x000000008ae00000, 0x000000008af00000, 0x000000008af00000|100%| O|  |TAMS 0x000000008af00000, 0x000000008ae00000| Updating 
| 175|0x000000008af00000, 0x000000008b000000, 0x000000008b000000|100%| O|  |TAMS 0x000000008b000000, 0x000000008af00000| Updating 
| 176|0x000000008b000000, 0x000000008b100000, 0x000000008b100000|100%| O|  |TAMS 0x000000008b100000, 0x000000008b000000| Updating 
| 177|0x000000008b100000, 0x000000008b200000, 0x000000008b200000|100%| O|  |TAMS 0x000000008b200000, 0x000000008b100000| Updating 
| 178|0x000000008b200000, 0x000000008b300000, 0x000000008b300000|100%| O|  |TAMS 0x000000008b300000, 0x000000008b200000| Updating 
| 179|0x000000008b300000, 0x000000008b400000, 0x000000008b400000|100%| O|  |TAMS 0x000000008b400000, 0x000000008b300000| Updating 
| 180|0x000000008b400000, 0x000000008b500000, 0x000000008b500000|100%| O|  |TAMS 0x000000008b500000, 0x000000008b400000| Updating 
| 181|0x000000008b500000, 0x000000008b600000, 0x000000008b600000|100%| O|  |TAMS 0x000000008b600000, 0x000000008b500000| Updating 
| 182|0x000000008b600000, 0x000000008b6b3000, 0x000000008b700000| 69%| O|  |TAMS 0x000000008b6b3000, 0x000000008b600000| Updating 
| 183|0x000000008b700000, 0x000000008b800000, 0x000000008b800000|100%|HS|  |TAMS 0x000000008b700000, 0x000000008b700000| Complete 
| 184|0x000000008b800000, 0x000000008b800000, 0x000000008b900000|  0%| F|  |TAMS 0x000000008b800000, 0x000000008b800000| Untracked 
| 185|0x000000008b900000, 0x000000008b900000, 0x000000008ba00000|  0%| F|  |TAMS 0x000000008b900000, 0x000000008b900000| Untracked 
| 186|0x000000008ba00000, 0x000000008ba00000, 0x000000008bb00000|  0%| F|  |TAMS 0x000000008ba00000, 0x000000008ba00000| Untracked 
| 187|0x000000008bb00000, 0x000000008bb00000, 0x000000008bc00000|  0%| F|  |TAMS 0x000000008bb00000, 0x000000008bb00000| Untracked 
| 188|0x000000008bc00000, 0x000000008bc00000, 0x000000008bd00000|  0%| F|  |TAMS 0x000000008bc00000, 0x000000008bc00000| Untracked 
| 189|0x000000008bd00000, 0x000000008bd00000, 0x000000008be00000|  0%| F|  |TAMS 0x000000008bd00000, 0x000000008bd00000| Untracked 
| 190|0x000000008be00000, 0x000000008be00000, 0x000000008bf00000|  0%| F|  |TAMS 0x000000008be00000, 0x000000008be00000| Untracked 
| 191|0x000000008bf00000, 0x000000008bf00000, 0x000000008c000000|  0%| F|  |TAMS 0x000000008bf00000, 0x000000008bf00000| Untracked 
| 192|0x000000008c000000, 0x000000008c000000, 0x000000008c100000|  0%| F|  |TAMS 0x000000008c000000, 0x000000008c000000| Untracked 
| 193|0x000000008c100000, 0x000000008c100000, 0x000000008c200000|  0%| F|  |TAMS 0x000000008c100000, 0x000000008c100000| Untracked 
| 194|0x000000008c200000, 0x000000008c200000, 0x000000008c300000|  0%| F|  |TAMS 0x000000008c200000, 0x000000008c200000| Untracked 
| 195|0x000000008c300000, 0x000000008c300000, 0x000000008c400000|  0%| F|  |TAMS 0x000000008c300000, 0x000000008c300000| Untracked 
| 196|0x000000008c400000, 0x000000008c400000, 0x000000008c500000|  0%| F|  |TAMS 0x000000008c400000, 0x000000008c400000| Untracked 
| 197|0x000000008c500000, 0x000000008c500000, 0x000000008c600000|  0%| F|  |TAMS 0x000000008c500000, 0x000000008c500000| Untracked 
| 198|0x000000008c600000, 0x000000008c600000, 0x000000008c700000|  0%| F|  |TAMS 0x000000008c600000, 0x000000008c600000| Untracked 
| 199|0x000000008c700000, 0x000000008c700000, 0x000000008c800000|  0%| F|  |TAMS 0x000000008c700000, 0x000000008c700000| Untracked 
| 200|0x000000008c800000, 0x000000008c800000, 0x000000008c900000|  0%| F|  |TAMS 0x000000008c800000, 0x000000008c800000| Untracked 
| 201|0x000000008c900000, 0x000000008c900000, 0x000000008ca00000|  0%| F|  |TAMS 0x000000008c900000, 0x000000008c900000| Untracked 
| 202|0x000000008ca00000, 0x000000008ca00000, 0x000000008cb00000|  0%| F|  |TAMS 0x000000008ca00000, 0x000000008ca00000| Untracked 
| 203|0x000000008cb00000, 0x000000008cb00000, 0x000000008cc00000|  0%| F|  |TAMS 0x000000008cb00000, 0x000000008cb00000| Untracked 
| 204|0x000000008cc00000, 0x000000008cc00000, 0x000000008cd00000|  0%| F|  |TAMS 0x000000008cc00000, 0x000000008cc00000| Untracked 
| 205|0x000000008cd00000, 0x000000008cd00000, 0x000000008ce00000|  0%| F|  |TAMS 0x000000008cd00000, 0x000000008cd00000| Untracked 
| 206|0x000000008ce00000, 0x000000008ce00000, 0x000000008cf00000|  0%| F|  |TAMS 0x000000008ce00000, 0x000000008ce00000| Untracked 
| 207|0x000000008cf00000, 0x000000008cf00000, 0x000000008d000000|  0%| F|  |TAMS 0x000000008cf00000, 0x000000008cf00000| Untracked 
| 208|0x000000008d000000, 0x000000008d000000, 0x000000008d100000|  0%| F|  |TAMS 0x000000008d000000, 0x000000008d000000| Untracked 
| 209|0x000000008d100000, 0x000000008d100000, 0x000000008d200000|  0%| F|  |TAMS 0x000000008d100000, 0x000000008d100000| Untracked 
| 210|0x000000008d200000, 0x000000008d200000, 0x000000008d300000|  0%| F|  |TAMS 0x000000008d200000, 0x000000008d200000| Untracked 
| 211|0x000000008d300000, 0x000000008d300000, 0x000000008d400000|  0%| F|  |TAMS 0x000000008d300000, 0x000000008d300000| Untracked 
| 212|0x000000008d400000, 0x000000008d400000, 0x000000008d500000|  0%| F|  |TAMS 0x000000008d400000, 0x000000008d400000| Untracked 
| 213|0x000000008d500000, 0x000000008d500000, 0x000000008d600000|  0%| F|  |TAMS 0x000000008d500000, 0x000000008d500000| Untracked 
| 214|0x000000008d600000, 0x000000008d600000, 0x000000008d700000|  0%| F|  |TAMS 0x000000008d600000, 0x000000008d600000| Untracked 
| 215|0x000000008d700000, 0x000000008d700000, 0x000000008d800000|  0%| F|  |TAMS 0x000000008d700000, 0x000000008d700000| Untracked 
| 216|0x000000008d800000, 0x000000008d800000, 0x000000008d900000|  0%| F|  |TAMS 0x000000008d800000, 0x000000008d800000| Untracked 
| 217|0x000000008d900000, 0x000000008d900000, 0x000000008da00000|  0%| F|  |TAMS 0x000000008d900000, 0x000000008d900000| Untracked 
| 218|0x000000008da00000, 0x000000008da00000, 0x000000008db00000|  0%| F|  |TAMS 0x000000008da00000, 0x000000008da00000| Untracked 
| 219|0x000000008db00000, 0x000000008db00000, 0x000000008dc00000|  0%| F|  |TAMS 0x000000008db00000, 0x000000008db00000| Untracked 
| 220|0x000000008dc00000, 0x000000008dc00000, 0x000000008dd00000|  0%| F|  |TAMS 0x000000008dc00000, 0x000000008dc00000| Untracked 
| 221|0x000000008dd00000, 0x000000008dd00000, 0x000000008de00000|  0%| F|  |TAMS 0x000000008dd00000, 0x000000008dd00000| Untracked 
| 222|0x000000008de00000, 0x000000008de00000, 0x000000008df00000|  0%| F|  |TAMS 0x000000008de00000, 0x000000008de00000| Untracked 
| 223|0x000000008df00000, 0x000000008df00000, 0x000000008e000000|  0%| F|  |TAMS 0x000000008df00000, 0x000000008df00000| Untracked 
| 224|0x000000008e000000, 0x000000008e000000, 0x000000008e100000|  0%| F|  |TAMS 0x000000008e000000, 0x000000008e000000| Untracked 
| 225|0x000000008e100000, 0x000000008e100000, 0x000000008e200000|  0%| F|  |TAMS 0x000000008e100000, 0x000000008e100000| Untracked 
| 226|0x000000008e200000, 0x000000008e200000, 0x000000008e300000|  0%| F|  |TAMS 0x000000008e200000, 0x000000008e200000| Untracked 
| 227|0x000000008e300000, 0x000000008e300000, 0x000000008e400000|  0%| F|  |TAMS 0x000000008e300000, 0x000000008e300000| Untracked 
| 228|0x000000008e400000, 0x000000008e400000, 0x000000008e500000|  0%| F|  |TAMS 0x000000008e400000, 0x000000008e400000| Untracked 
| 229|0x000000008e500000, 0x000000008e500000, 0x000000008e600000|  0%| F|  |TAMS 0x000000008e500000, 0x000000008e500000| Untracked 
| 230|0x000000008e600000, 0x000000008e600000, 0x000000008e700000|  0%| F|  |TAMS 0x000000008e600000, 0x000000008e600000| Untracked 
| 231|0x000000008e700000, 0x000000008e700000, 0x000000008e800000|  0%| F|  |TAMS 0x000000008e700000, 0x000000008e700000| Untracked 
| 232|0x000000008e800000, 0x000000008e8c91a8, 0x000000008e900000| 78%| E|  |TAMS 0x000000008e800000, 0x000000008e800000| Complete 
| 233|0x000000008e900000, 0x000000008ea00000, 0x000000008ea00000|100%| S|CS|TAMS 0x000000008e900000, 0x000000008e900000| Complete 
| 234|0x000000008ea00000, 0x000000008eb00000, 0x000000008eb00000|100%| S|CS|TAMS 0x000000008ea00000, 0x000000008ea00000| Complete 
| 235|0x000000008eb00000, 0x000000008ec00000, 0x000000008ec00000|100%| S|CS|TAMS 0x000000008eb00000, 0x000000008eb00000| Complete 
| 236|0x000000008ec00000, 0x000000008ed00000, 0x000000008ed00000|100%| S|CS|TAMS 0x000000008ec00000, 0x000000008ec00000| Complete 
| 237|0x000000008ed00000, 0x000000008ee00000, 0x000000008ee00000|100%| E|CS|TAMS 0x000000008ed00000, 0x000000008ed00000| Complete 
| 238|0x000000008ee00000, 0x000000008ef00000, 0x000000008ef00000|100%| E|CS|TAMS 0x000000008ee00000, 0x000000008ee00000| Complete 
| 239|0x000000008ef00000, 0x000000008f000000, 0x000000008f000000|100%| E|CS|TAMS 0x000000008ef00000, 0x000000008ef00000| Complete 
| 240|0x000000008f000000, 0x000000008f100000, 0x000000008f100000|100%| E|CS|TAMS 0x000000008f000000, 0x000000008f000000| Complete 
| 241|0x000000008f100000, 0x000000008f200000, 0x000000008f200000|100%| E|CS|TAMS 0x000000008f100000, 0x000000008f100000| Complete 
| 242|0x000000008f200000, 0x000000008f300000, 0x000000008f300000|100%| E|CS|TAMS 0x000000008f200000, 0x000000008f200000| Complete 
| 243|0x000000008f300000, 0x000000008f400000, 0x000000008f400000|100%| E|CS|TAMS 0x000000008f300000, 0x000000008f300000| Complete 
| 244|0x000000008f400000, 0x000000008f500000, 0x000000008f500000|100%| E|CS|TAMS 0x000000008f400000, 0x000000008f400000| Complete 
| 245|0x000000008f500000, 0x000000008f600000, 0x000000008f600000|100%| E|CS|TAMS 0x000000008f500000, 0x000000008f500000| Complete 
| 246|0x000000008f600000, 0x000000008f700000, 0x000000008f700000|100%| E|  |TAMS 0x000000008f600000, 0x000000008f600000| Complete 
| 247|0x000000008f700000, 0x000000008f800000, 0x000000008f800000|100%| E|CS|TAMS 0x000000008f700000, 0x000000008f700000| Complete 
| 248|0x000000008f800000, 0x000000008f900000, 0x000000008f900000|100%| E|CS|TAMS 0x000000008f800000, 0x000000008f800000| Complete 
| 249|0x000000008f900000, 0x000000008fa00000, 0x000000008fa00000|100%| E|CS|TAMS 0x000000008f900000, 0x000000008f900000| Complete 
| 250|0x000000008fa00000, 0x000000008fb00000, 0x000000008fb00000|100%| E|CS|TAMS 0x000000008fa00000, 0x000000008fa00000| Complete 
| 251|0x000000008fb00000, 0x000000008fc00000, 0x000000008fc00000|100%| E|CS|TAMS 0x000000008fb00000, 0x000000008fb00000| Complete 
| 252|0x000000008fc00000, 0x000000008fd00000, 0x000000008fd00000|100%| E|CS|TAMS 0x000000008fc00000, 0x000000008fc00000| Complete 
| 253|0x000000008fd00000, 0x000000008fe00000, 0x000000008fe00000|100%| E|CS|TAMS 0x000000008fd00000, 0x000000008fd00000| Complete 
| 254|0x000000008fe00000, 0x000000008ff00000, 0x000000008ff00000|100%| E|CS|TAMS 0x000000008fe00000, 0x000000008fe00000| Complete 
| 255|0x000000008ff00000, 0x0000000090000000, 0x0000000090000000|100%| E|CS|TAMS 0x000000008ff00000, 0x000000008ff00000| Complete 

Card table byte_map: [0x0000027eed540000,0x0000027eed940000] _byte_map_base: 0x0000027eed140000

Marking Bits (Prev, Next): (CMBitMap*) 0x0000027ed9a01250, (CMBitMap*) 0x0000027ed9a01218
 Prev Bits: [0x0000027eefd40000, 0x0000027ef1d40000)
 Next Bits: [0x0000027eedd40000, 0x0000027eefd40000)

Polling page: 0x0000027ed8120000

Metaspace:

Usage:
  Non-class:     86.72 MB capacity,    85.16 MB ( 98%) used,     1.27 MB (  1%) free+waste,   297.00 KB ( <1%) overhead. 
      Class:     13.80 MB capacity,    12.83 MB ( 93%) used,   863.36 KB (  6%) free+waste,   132.69 KB ( <1%) overhead. 
       Both:    100.52 MB capacity,    97.99 MB ( 97%) used,     2.11 MB (  2%) free+waste,   429.69 KB ( <1%) overhead. 

Virtual space:
  Non-class space:       88.00 MB reserved,      86.93 MB ( 99%) committed 
      Class space:        1.00 GB reserved,      13.95 MB (  1%) committed 
             Both:        1.09 GB reserved,     100.88 MB (  9%) committed 

Chunk freelists:
   Non-Class:  151.00 KB
       Class:  74.00 KB
        Both:  225.00 KB

MaxMetaspaceSize: 17179869184.00 GB
CompressedClassSpaceSize: 1.00 GB

CodeHeap 'non-profiled nmethods': size=120000Kb used=8293Kb max_used=8293Kb free=111706Kb
 bounds [0x0000027ee4f80000, 0x0000027ee57a0000, 0x0000027eec4b0000]
CodeHeap 'profiled nmethods': size=120000Kb used=28595Kb max_used=28595Kb free=91404Kb
 bounds [0x0000027edda50000, 0x0000027edf640000, 0x0000027ee4f80000]
CodeHeap 'non-nmethods': size=5760Kb used=2313Kb max_used=2389Kb free=3446Kb
 bounds [0x0000027edd4b0000, 0x0000027edd720000, 0x0000027edda50000]
 total_blobs=14027 nmethods=13107 adapters=831
 compilation: enabled
              stopped_count=0, restarted_count=0
 full_count=0

Compilation events (20 events):
Event: 12.984 Thread 0x0000027ef52b7000 nmethod 13171 0x0000027edf627890 code [0x0000027edf627a40, 0x0000027edf627b88]
Event: 12.985 Thread 0x0000027ef52b7000 13176       2       com.android.tools.r8.code.O0::hashCode (21 bytes)
Event: 12.985 Thread 0x0000027ef52b7000 nmethod 13176 0x0000027edf627c10 code [0x0000027edf627dc0, 0x0000027edf627f08]
Event: 12.985 Thread 0x0000027ef52b7000 13175       2       com.android.tools.r8.internal.mu$f::hasNext (14 bytes)
Event: 12.985 Thread 0x0000027ef52b7000 nmethod 13175 0x0000027edf627f90 code [0x0000027edf628140, 0x0000027edf628258]
Event: 12.985 Thread 0x0000027ef52b7000 13158       2       com.android.tools.r8.code.N0::hashCode (28 bytes)
Event: 12.985 Thread 0x0000027ef52b7000 nmethod 13158 0x0000027edf628310 code [0x0000027edf6284c0, 0x0000027edf628608]
Event: 12.985 Thread 0x0000027ef52b7000 13167       2       com.android.tools.r8.code.N0::<init> (34 bytes)
Event: 12.985 Thread 0x0000027ef52b7000 nmethod 13167 0x0000027edf628690 code [0x0000027edf628860, 0x0000027edf628a28]
Event: 12.985 Thread 0x0000027ef52b7000 13168       2       com.android.tools.r8.graph.f0$u::X (2 bytes)
Event: 12.985 Thread 0x0000027ef52b7000 nmethod 13168 0x0000027edf628b90 code [0x0000027edf628d40, 0x0000027edf628e38]
Event: 12.985 Thread 0x0000027ef52b7000 13179       2       com.android.tools.r8.graph.E$b$$Lambda$1503/0x0000000100cc6840::apply (8 bytes)
Event: 12.985 Thread 0x0000027ef52b7000 nmethod 13179 0x0000027edf628f10 code [0x0000027edf6290c0, 0x0000027edf6291f8]
Event: 12.985 Thread 0x0000027ef52b7000 13177       2       com.android.tools.r8.internal.Cv::<init> (15 bytes)
Event: 12.985 Thread 0x0000027ef52b7000 nmethod 13177 0x0000027edf629310 code [0x0000027edf6294c0, 0x0000027edf629658]
Event: 12.985 Thread 0x0000027ef52b7000 13181       2       com.android.tools.r8.code.B::<init> (7 bytes)
Event: 12.985 Thread 0x0000027ef52b7000 nmethod 13181 0x0000027edf629710 code [0x0000027edf6298e0, 0x0000027edf629b18]
Event: 12.985 Thread 0x0000027ef52b7000 13182       2       com.android.tools.r8.code.W0::hashCode (31 bytes)
Event: 12.986 Thread 0x0000027ef52b7000 nmethod 13182 0x0000027edf629d10 code [0x0000027edf629ee0, 0x0000027edf62a058]
Event: 12.986 Thread 0x0000027ef52b7000 13183       2       com.android.tools.r8.dex.j::a (71 bytes)

GC Heap History (20 events):
Event: 10.031 GC heap before
{Heap before GC invocations=16 (full 0):
 garbage-first heap   total 262144K, used 178792K [0x0000000080000000, 0x0000000100000000)
  region size 1024K, 111 young (113664K), 14 survivors (14336K)
 Metaspace       used 85027K, capacity 87292K, committed 87424K, reserved 1124352K
  class space    used 11038K, capacity 11901K, committed 11980K, reserved 1048576K
}
Event: 10.043 GC heap after
{Heap after GC invocations=17 (full 0):
 garbage-first heap   total 262144K, used 87994K [0x0000000080000000, 0x0000000100000000)
  region size 1024K, 9 young (9216K), 9 survivors (9216K)
 Metaspace       used 85027K, capacity 87292K, committed 87424K, reserved 1124352K
  class space    used 11038K, capacity 11901K, committed 11980K, reserved 1048576K
}
Event: 10.607 GC heap before
{Heap before GC invocations=17 (full 0):
 garbage-first heap   total 262144K, used 186298K [0x0000000080000000, 0x0000000100000000)
  region size 1024K, 106 young (108544K), 9 survivors (9216K)
 Metaspace       used 85745K, capacity 88108K, committed 88320K, reserved 1126400K
  class space    used 11122K, capacity 11982K, committed 12108K, reserved 1048576K
}
Event: 10.613 GC heap after
{Heap after GC invocations=18 (full 0):
 garbage-first heap   total 262144K, used 93364K [0x0000000080000000, 0x0000000100000000)
  region size 1024K, 8 young (8192K), 8 survivors (8192K)
 Metaspace       used 85745K, capacity 88108K, committed 88320K, reserved 1126400K
  class space    used 11122K, capacity 11982K, committed 12108K, reserved 1048576K
}
Event: 11.403 GC heap before
{Heap before GC invocations=18 (full 0):
 garbage-first heap   total 262144K, used 192692K [0x0000000080000000, 0x0000000100000000)
  region size 1024K, 106 young (108544K), 8 survivors (8192K)
 Metaspace       used 91064K, capacity 93462K, committed 93568K, reserved 1130496K
  class space    used 11791K, capacity 12673K, committed 12748K, reserved 1048576K
}
Event: 11.410 GC heap after
{Heap after GC invocations=19 (full 0):
 garbage-first heap   total 262144K, used 98235K [0x0000000080000000, 0x0000000100000000)
  region size 1024K, 13 young (13312K), 13 survivors (13312K)
 Metaspace       used 91064K, capacity 93462K, committed 93568K, reserved 1130496K
  class space    used 11791K, capacity 12673K, committed 12748K, reserved 1048576K
}
Event: 11.862 GC heap before
{Heap before GC invocations=19 (full 0):
 garbage-first heap   total 262144K, used 197563K [0x0000000080000000, 0x0000000100000000)
  region size 1024K, 111 young (113664K), 13 survivors (13312K)
 Metaspace       used 91307K, capacity 93614K, committed 93824K, reserved 1130496K
  class space    used 11811K, capacity 12678K, committed 12748K, reserved 1048576K
}
Event: 11.870 GC heap after
{Heap after GC invocations=20 (full 0):
 garbage-first heap   total 262144K, used 102812K [0x0000000080000000, 0x0000000100000000)
  region size 1024K, 12 young (12288K), 12 survivors (12288K)
 Metaspace       used 91307K, capacity 93614K, committed 93824K, reserved 1130496K
  class space    used 11811K, capacity 12678K, committed 12748K, reserved 1048576K
}
Event: 12.447 GC heap before
{Heap before GC invocations=20 (full 0):
 garbage-first heap   total 262144K, used 224668K [0x0000000080000000, 0x0000000100000000)
  region size 1024K, 110 young (112640K), 12 survivors (12288K)
 Metaspace       used 95725K, capacity 98228K, committed 98304K, reserved 1134592K
  class space    used 12392K, capacity 13312K, committed 13388K, reserved 1048576K
}
Event: 12.459 GC heap after
{Heap after GC invocations=21 (full 0):
 garbage-first heap   total 262144K, used 138991K [0x0000000080000000, 0x0000000100000000)
  region size 1024K, 14 young (14336K), 14 survivors (14336K)
 Metaspace       used 95725K, capacity 98228K, committed 98304K, reserved 1134592K
  class space    used 12392K, capacity 13312K, committed 13388K, reserved 1048576K
}
Event: 12.460 GC heap before
{Heap before GC invocations=21 (full 0):
 garbage-first heap   total 262144K, used 140015K [0x0000000080000000, 0x0000000100000000)
  region size 1024K, 17 young (17408K), 14 survivors (14336K)
 Metaspace       used 95729K, capacity 98228K, committed 98304K, reserved 1134592K
  class space    used 12393K, capacity 13312K, committed 13388K, reserved 1048576K
}
Event: 12.465 GC heap after
{Heap after GC invocations=22 (full 0):
 garbage-first heap   total 262144K, used 141760K [0x0000000080000000, 0x0000000100000000)
  region size 1024K, 2 young (2048K), 2 survivors (2048K)
 Metaspace       used 95729K, capacity 98228K, committed 98304K, reserved 1134592K
  class space    used 12393K, capacity 13312K, committed 13388K, reserved 1048576K
}
Event: 12.600 GC heap before
{Heap before GC invocations=23 (full 0):
 garbage-first heap   total 262144K, used 189888K [0x0000000080000000, 0x0000000100000000)
  region size 1024K, 42 young (43008K), 2 survivors (2048K)
 Metaspace       used 97209K, capacity 99599K, committed 100352K, reserved 1136640K
  class space    used 12734K, capacity 13615K, committed 13900K, reserved 1048576K
}
Event: 12.609 GC heap after
{Heap after GC invocations=24 (full 0):
 garbage-first heap   total 262144K, used 160412K [0x0000000080000000, 0x0000000100000000)
  region size 1024K, 6 young (6144K), 6 survivors (6144K)
 Metaspace       used 97209K, capacity 99599K, committed 100352K, reserved 1136640K
  class space    used 12734K, capacity 13615K, committed 13900K, reserved 1048576K
}
Event: 12.677 GC heap before
{Heap before GC invocations=24 (full 0):
 garbage-first heap   total 262144K, used 184988K [0x0000000080000000, 0x0000000100000000)
  region size 1024K, 32 young (32768K), 6 survivors (6144K)
 Metaspace       used 98724K, capacity 101222K, committed 101760K, reserved 1136640K
  class space    used 12950K, capacity 13853K, committed 14028K, reserved 1048576K
}
Event: 12.690 GC heap after
{Heap after GC invocations=25 (full 0):
 garbage-first heap   total 262144K, used 170912K [0x0000000080000000, 0x0000000100000000)
  region size 1024K, 5 young (5120K), 5 survivors (5120K)
 Metaspace       used 98724K, capacity 101222K, committed 101760K, reserved 1136640K
  class space    used 12950K, capacity 13853K, committed 14028K, reserved 1048576K
}
Event: 12.809 GC heap before
{Heap before GC invocations=25 (full 0):
 garbage-first heap   total 262144K, used 201632K [0x0000000080000000, 0x0000000100000000)
  region size 1024K, 34 young (34816K), 5 survivors (5120K)
 Metaspace       used 99681K, capacity 102172K, committed 102400K, reserved 1138688K
  class space    used 13073K, capacity 14014K, committed 14156K, reserved 1048576K
}
Event: 12.820 GC heap after
{Heap after GC invocations=26 (full 0):
 garbage-first heap   total 262144K, used 182591K [0x0000000080000000, 0x0000000100000000)
  region size 1024K, 5 young (5120K), 5 survivors (5120K)
 Metaspace       used 99681K, capacity 102172K, committed 102400K, reserved 1138688K
  class space    used 13073K, capacity 14014K, committed 14156K, reserved 1048576K
}
Event: 12.893 GC heap before
{Heap before GC invocations=27 (full 0):
 garbage-first heap   total 262144K, used 199999K [0x0000000080000000, 0x0000000100000000)
  region size 1024K, 24 young (24576K), 5 survivors (5120K)
 Metaspace       used 100295K, capacity 102902K, committed 102912K, reserved 1138688K
  class space    used 13161K, capacity 14151K, committed 14156K, reserved 1048576K
}
Event: 12.905 GC heap after
{Heap after GC invocations=28 (full 0):
 garbage-first heap   total 262144K, used 191180K [0x0000000080000000, 0x0000000100000000)
  region size 1024K, 4 young (4096K), 4 survivors (4096K)
 Metaspace       used 100295K, capacity 102902K, committed 102912K, reserved 1138688K
  class space    used 13161K, capacity 14151K, committed 14156K, reserved 1048576K
}

Deoptimization events (20 events):
Event: 12.844 Thread 0x0000027efcb5f800 Uncommon trap: trap_request=0xffffff4d fr.pc=0x0000027ee57523f8 relative=0x00000000000013d8
Event: 12.844 Thread 0x0000027efcb5f800 Uncommon trap: reason=unstable_if action=reinterpret pc=0x0000027ee57523f8 method=com.android.tools.r8.dex.j.i()Lcom/android/tools/r8/graph/f0; @ 64 c2
Event: 12.844 Thread 0x0000027efcb5f800 DEOPT PACKING pc=0x0000027ee57523f8 sp=0x000000fbc06fe670
Event: 12.844 Thread 0x0000027efcb5f800 DEOPT UNPACKING pc=0x0000027edd4d78af sp=0x000000fbc06fe658 mode 2
Event: 12.848 Thread 0x0000027efcb5c800 Uncommon trap: trap_request=0xffffff4d fr.pc=0x0000027ee5754328 relative=0x0000000000000548
Event: 12.848 Thread 0x0000027efcb5c800 Uncommon trap: reason=unstable_if action=reinterpret pc=0x0000027ee5754328 method=com.android.tools.r8.graph.a0.g(Ljava/lang/Object;)Z @ 37 c2
Event: 12.848 Thread 0x0000027efcb5c800 DEOPT PACKING pc=0x0000027ee5754328 sp=0x000000fbc07fea70
Event: 12.848 Thread 0x0000027efcb5c800 DEOPT UNPACKING pc=0x0000027edd4d78af sp=0x000000fbc07fe940 mode 2
Event: 12.879 Thread 0x0000027efcb60800 Uncommon trap: trap_request=0xffffff4d fr.pc=0x0000027ee5776bf4 relative=0x00000000000004b4
Event: 12.879 Thread 0x0000027efcb60800 Uncommon trap: reason=unstable_if action=reinterpret pc=0x0000027ee5776bf4 method=com.android.tools.r8.graph.a0.g(Ljava/lang/Object;)Z @ 37 c2
Event: 12.879 Thread 0x0000027efcb60800 DEOPT PACKING pc=0x0000027ee5776bf4 sp=0x000000fbc08fdfb0
Event: 12.879 Thread 0x0000027efcb60800 DEOPT UNPACKING pc=0x0000027edd4d78af sp=0x000000fbc08fdf50 mode 2
Event: 12.880 Thread 0x0000027e80c51000 DEOPT PACKING pc=0x0000027edf4b12fe sp=0x000000fbc0afe850
Event: 12.880 Thread 0x0000027e80c51000 DEOPT UNPACKING pc=0x0000027edd4d76ce sp=0x000000fbc0afddd0 mode 0
Event: 12.970 Thread 0x0000027efcb59000 DEOPT PACKING pc=0x0000027edf588f63 sp=0x000000fbbfcfc940
Event: 12.970 Thread 0x0000027efcb59000 DEOPT UNPACKING pc=0x0000027edd4d76ce sp=0x000000fbbfcfbde0 mode 0
Event: 12.970 Thread 0x0000027efcb59000 DEOPT PACKING pc=0x0000027edf609a3b sp=0x000000fbbfcfc800
Event: 12.970 Thread 0x0000027efcb59000 DEOPT UNPACKING pc=0x0000027edd4d76ce sp=0x000000fbbfcfbce8 mode 0
Event: 12.976 Thread 0x0000027efcb59000 DEOPT PACKING pc=0x0000027edf60be3c sp=0x000000fbbfcfc7f0
Event: 12.976 Thread 0x0000027efcb59000 DEOPT UNPACKING pc=0x0000027edd4d76ce sp=0x000000fbbfcfbce0 mode 0

Classes redefined (0 events):
No events

Internal exceptions (20 events):
Event: 12.626 Thread 0x0000027efcb5e000 Exception <a 'java/lang/NoSuchMethodError'{0x000000008fcf0180}: 'void java.lang.invoke.DirectMethodHandle$Holder.invokeStatic(java.lang.Object, java.lang.Object, java.lang.Object, int)'> (0x000000008fcf0180) thrown at [./src/hotspot/share/interpreter/linkResolver.cpp, line 773]
Event: 12.626 Thread 0x0000027efcb5d000 Exception <a 'java/lang/NoSuchMethodError'{0x000000008f808a50}: 'void java.lang.invoke.DirectMethodHandle$Holder.invokeStatic(java.lang.Object, java.lang.Object, java.lang.Object, int)'> (0x000000008f808a50) thrown at [./src/hotspot/share/interpreter/linkResolver.cpp, line 773]
Event: 12.626 Thread 0x0000027efcb53800 Exception <a 'java/lang/IncompatibleClassChangeError'{0x000000008f8188c0}: Found class java.lang.Object, but interface was expected> (0x000000008f8188c0) thrown at [./src/hotspot/share/interpreter/linkResolver.cpp, line 839]
Event: 12.693 Thread 0x0000027efcb53800 Exception <a 'java/lang/NoSuchMethodError'{0x000000008ff72fd8}: 'int java.lang.invoke.DirectMethodHandle$Holder.invokeVirtual(java.lang.Object, java.lang.Object, java.lang.Object)'> (0x000000008ff72fd8) thrown at [./src/hotspot/share/interpreter/linkResolver.cpp, line 773]
Event: 12.693 Thread 0x0000027efcb5d000 Exception <a 'java/lang/NoSuchMethodError'{0x000000008ff6d620}: 'int java.lang.invoke.DirectMethodHandle$Holder.invokeVirtual(java.lang.Object, java.lang.Object, java.lang.Object)'> (0x000000008ff6d620) thrown at [./src/hotspot/share/interpreter/linkResolver.cpp, line 773]
Event: 12.693 Thread 0x0000027efcb5e000 Exception <a 'java/lang/NoSuchMethodError'{0x000000008ff48af8}: 'int java.lang.invoke.DirectMethodHandle$Holder.invokeVirtual(java.lang.Object, java.lang.Object, java.lang.Object)'> (0x000000008ff48af8) thrown at [./src/hotspot/share/interpreter/linkResolver.cpp, line 773]
Event: 12.717 Thread 0x0000027efcb5e000 Exception <a 'java/lang/NoSuchMethodError'{0x000000008f87d860}: 'java.lang.Object java.lang.invoke.Invokers$Holder.linkToTargetMethod(java.lang.Object, int, java.lang.Object, java.lang.Object, java.lang.Object, java.lang.Object)'> (0x000000008f87d860) thrown at [./src/hotspot/share/interpreter/linkResolver.cpp, line 773]
Event: 12.720 Thread 0x0000027efcb5e800 Exception <a 'java/lang/NoSuchMethodError'{0x000000008f8cfc08}: 'java.lang.Object java.lang.invoke.Invokers$Holder.linkToTargetMethod(java.lang.Object, int, java.lang.Object, java.lang.Object, java.lang.Object, java.lang.Object)'> (0x000000008f8cfc08) thrown at [./src/hotspot/share/interpreter/linkResolver.cpp, line 773]
Event: 12.720 Thread 0x0000027efcb5e800 Exception <a 'java/lang/NoSuchMethodError'{0x000000008f8d39b8}: 'void java.lang.invoke.DirectMethodHandle$Holder.invokeSpecial(java.lang.Object, java.lang.Object, java.lang.Object, java.lang.Object, java.lang.Object, java.lang.Object, java.lang.Object, java.lang.Object, java.lang.Object)'> (0x000000008f8d39b8) thrown at [./src/hotspot/share/interpreter/linkResolver.cpp, line 773]
Event: 12.721 Thread 0x0000027efcb5e800 Exception <a 'java/lang/NoSuchMethodError'{0x000000008f8dd138}: 'java.lang.Object java.lang.invoke.Invokers$Holder.linkToTargetMethod(java.lang.Object, java.lang.Object, java.lang.Object, java.lang.Object, java.lang.Object, java.lang.Object, java.lang.Object)'> (0x000000008f8dd138) thrown at [./src/hotspot/share/interpreter/linkResolver.cpp, line 773]
Event: 12.722 Thread 0x0000027efcb5e800 Exception <a 'java/lang/NoSuchMethodError'{0x000000008f7037b0}: 'void java.lang.invoke.DirectMethodHandle$Holder.invokeStatic(java.lang.Object, java.lang.Object, java.lang.Object, java.lang.Object, java.lang.Object, java.lang.Object, java.lang.Object, java.lang.Object)'> (0x000000008f7037b0) thrown at [./src/hotspot/share/interpreter/linkResolver.cpp, line 773]
Event: 12.723 Thread 0x0000027efcb5d000 Exception <a 'java/lang/NoSuchMethodError'{0x000000008f9506e0}: 'void java.lang.invoke.DirectMethodHandle$Holder.invokeSpecial(java.lang.Object, java.lang.Object, int, java.lang.Object, java.lang.Object, java.lang.Object, java.lang.Object)'> (0x000000008f9506e0) thrown at [./src/hotspot/share/interpreter/linkResolver.cpp, line 773]
Event: 12.728 Thread 0x0000027efcb53800 Exception <a 'java/lang/NoSuchMethodError'{0x000000008f8888f8}: 'java.lang.Object java.lang.invoke.Invokers$Holder.linkToTargetMethod(java.lang.Object, int, java.lang.Object, java.lang.Object, java.lang.Object, java.lang.Object)'> (0x000000008f8888f8) thrown at [./src/hotspot/share/interpreter/linkResolver.cpp, line 773]
Event: 12.786 Thread 0x0000027efcb5d000 Exception <a 'java/lang/IncompatibleClassChangeError'{0x000000008e61b558}: Found class java.lang.Object, but interface was expected> (0x000000008e61b558) thrown at [./src/hotspot/share/interpreter/linkResolver.cpp, line 839]
Event: 12.859 Thread 0x0000027efcb5e000 Exception <a 'java/lang/NoSuchMethodError'{0x000000008f78b058}: 'void java.lang.invoke.DirectMethodHandle$Holder.invokeVirtual(java.lang.Object, java.lang.Object, int)'> (0x000000008f78b058) thrown at [./src/hotspot/share/interpreter/linkResolver.cpp, line 773]
Event: 12.924 Thread 0x0000027efcb5e800 Exception <a 'sun/nio/fs/WindowsException'{0x000000008fb1ce98}> (0x000000008fb1ce98) thrown at [./src/hotspot/share/prims/jni.cpp, line 615]
Event: 12.940 Thread 0x0000027efcb5d000 Exception <a 'sun/nio/fs/WindowsException'{0x000000008f8f50a8}> (0x000000008f8f50a8) thrown at [./src/hotspot/share/prims/jni.cpp, line 615]
Event: 12.945 Thread 0x0000027efcb5e000 Exception <a 'sun/nio/fs/WindowsException'{0x000000008ff102e0}> (0x000000008ff102e0) thrown at [./src/hotspot/share/prims/jni.cpp, line 615]
Event: 12.958 Thread 0x0000027efcb5b800 Exception <a 'sun/nio/fs/WindowsException'{0x000000008f67d070}> (0x000000008f67d070) thrown at [./src/hotspot/share/prims/jni.cpp, line 615]
Event: 12.959 Thread 0x0000027efcb53800 Exception <a 'sun/nio/fs/WindowsException'{0x000000008f682dc8}> (0x000000008f682dc8) thrown at [./src/hotspot/share/prims/jni.cpp, line 615]

Events (20 events):
Event: 12.891 loading class java/util/zip/Adler32
Event: 12.892 loading class java/util/zip/Adler32 done
Event: 12.893 loading class com/android/tools/r8/dex/m$a
Event: 12.893 loading class com/android/tools/r8/dex/m$a done
Event: 12.893 loading class com/android/tools/r8/ByteDataView
Event: 12.893 loading class com/android/tools/r8/ByteDataView done
Event: 12.893 Executing VM operation: G1CollectForAllocation
Event: 12.905 Executing VM operation: G1CollectForAllocation done
Event: 12.907 loading class java/nio/file/Files$2
Event: 12.907 loading class java/nio/file/Files$2 done
Event: 12.924 loading class com/android/tools/r8/internal/ya
Event: 12.924 loading class com/android/tools/r8/internal/ya done
Event: 12.924 loading class com/android/tools/r8/internal/B7
Event: 12.924 loading class com/android/tools/r8/internal/B7 done
Event: 12.925 loading class com/android/tools/r8/internal/A7
Event: 12.925 loading class com/android/tools/r8/internal/A7 done
Event: 12.925 loading class com/android/tools/r8/internal/z7
Event: 12.925 loading class com/android/tools/r8/internal/z7 done
Event: 12.980 loading class com/android/tools/r8/internal/g8
Event: 12.980 loading class com/android/tools/r8/internal/g8 done


Dynamic libraries:
0x00007ff70fe30000 - 0x00007ff70fe3a000 	C:\Program Files\Android\Android Studio\jre\bin\java.exe
0x00007ffd46770000 - 0x00007ffd46965000 	C:\WINDOWS\SYSTEM32\ntdll.dll
0x00007ffd45e70000 - 0x00007ffd45f2e000 	C:\WINDOWS\System32\KERNEL32.DLL
0x00007ffd43f80000 - 0x00007ffd44248000 	C:\WINDOWS\System32\KERNELBASE.dll
0x00007ffd44250000 - 0x00007ffd44350000 	C:\WINDOWS\System32\ucrtbase.dll
0x00007ffd36bc0000 - 0x00007ffd36bd7000 	C:\Program Files\Android\Android Studio\jre\bin\VCRUNTIME140.dll
0x00007ffd381f0000 - 0x00007ffd38209000 	C:\Program Files\Android\Android Studio\jre\bin\jli.dll
0x00007ffd460c0000 - 0x00007ffd46261000 	C:\WINDOWS\System32\USER32.dll
0x00007ffd44750000 - 0x00007ffd44772000 	C:\WINDOWS\System32\win32u.dll
0x00007ffd44a80000 - 0x00007ffd44aab000 	C:\WINDOWS\System32\GDI32.dll
0x00007ffd44440000 - 0x00007ffd4454d000 	C:\WINDOWS\System32\gdi32full.dll
0x00007ffd35a50000 - 0x00007ffd35cea000 	C:\WINDOWS\WinSxS\amd64_microsoft.windows.common-controls_6595b64144ccf1df_6.0.19041.1110_none_60b5254171f9507e\COMCTL32.dll
0x00007ffd446b0000 - 0x00007ffd4474d000 	C:\WINDOWS\System32\msvcp_win.dll
0x00007ffd465d0000 - 0x00007ffd4666e000 	C:\WINDOWS\System32\msvcrt.dll
0x00007ffd45d70000 - 0x00007ffd45da0000 	C:\WINDOWS\System32\IMM32.DLL
0x00007ffd2a480000 - 0x00007ffd2a51d000 	C:\Program Files\Android\Android Studio\jre\bin\msvcp140.dll
0x00007ffcf0d90000 - 0x00007ffcf185f000 	C:\Program Files\Android\Android Studio\jre\bin\server\jvm.dll
0x00007ffd46000000 - 0x00007ffd460ae000 	C:\WINDOWS\System32\ADVAPI32.dll
0x00007ffd44ab0000 - 0x00007ffd44b4c000 	C:\WINDOWS\System32\sechost.dll
0x00007ffd45bc0000 - 0x00007ffd45ce5000 	C:\WINDOWS\System32\RPCRT4.dll
0x00007ffd45e60000 - 0x00007ffd45e68000 	C:\WINDOWS\System32\PSAPI.DLL
0x00007ffd3fa50000 - 0x00007ffd3fa59000 	C:\WINDOWS\SYSTEM32\WSOCK32.dll
0x00007ffd35260000 - 0x00007ffd35287000 	C:\WINDOWS\SYSTEM32\WINMM.dll
0x00007ffd45d00000 - 0x00007ffd45d6b000 	C:\WINDOWS\System32\WS2_32.dll
0x00007ffd3f120000 - 0x00007ffd3f12a000 	C:\WINDOWS\SYSTEM32\VERSION.dll
0x00007ffd41cb0000 - 0x00007ffd41cc2000 	C:\WINDOWS\SYSTEM32\kernel.appcore.dll
0x00007ffd3fa30000 - 0x00007ffd3fa41000 	C:\Program Files\Android\Android Studio\jre\bin\verify.dll
0x00007ffd3e690000 - 0x00007ffd3e874000 	C:\WINDOWS\SYSTEM32\DBGHELP.DLL
0x00007ffd3e640000 - 0x00007ffd3e66c000 	C:\WINDOWS\SYSTEM32\dbgcore.DLL
0x00007ffd443b0000 - 0x00007ffd44432000 	C:\WINDOWS\System32\bcryptPrimitives.dll
0x00007ffd3fa00000 - 0x00007ffd3fa29000 	C:\Program Files\Android\Android Studio\jre\bin\java.dll
0x00007ffd355a0000 - 0x00007ffd355ab000 	C:\Program Files\Android\Android Studio\jre\bin\jimage.dll
0x00007ffd35580000 - 0x00007ffd35598000 	C:\Program Files\Android\Android Studio\jre\bin\zip.dll
0x00007ffd44b50000 - 0x00007ffd45294000 	C:\WINDOWS\System32\SHELL32.dll
0x00007ffd41f90000 - 0x00007ffd42725000 	C:\WINDOWS\SYSTEM32\windows.storage.dll
0x00007ffd46270000 - 0x00007ffd465c5000 	C:\WINDOWS\System32\combase.dll
0x00007ffd438d0000 - 0x00007ffd438fe000 	C:\WINDOWS\SYSTEM32\Wldp.dll
0x00007ffd45960000 - 0x00007ffd45a0d000 	C:\WINDOWS\System32\SHCORE.dll
0x00007ffd46670000 - 0x00007ffd466c5000 	C:\WINDOWS\System32\shlwapi.dll
0x00007ffd43dc0000 - 0x00007ffd43ddf000 	C:\WINDOWS\SYSTEM32\profapi.dll
0x00007ffd35560000 - 0x00007ffd3557a000 	C:\Program Files\Android\Android Studio\jre\bin\net.dll
0x00007ffd3e0f0000 - 0x00007ffd3e1fc000 	C:\WINDOWS\SYSTEM32\WINHTTP.dll
0x00007ffd43630000 - 0x00007ffd4369a000 	C:\WINDOWS\system32\mswsock.dll
0x00007ffd35540000 - 0x00007ffd35554000 	C:\Program Files\Android\Android Studio\jre\bin\nio.dll
0x00007ffd37d20000 - 0x00007ffd37d47000 	C:\Users\user\.gradle\native\8bec1ad78214c89d9ad589b4d07fe93259594b29d510b10fafb7a158f7737e5d\windows-amd64\native-platform.dll
0x00007ffd22110000 - 0x00007ffd2224d000 	C:\Users\user\.gradle\native\53dbd7edfb1c66fb8903c78663c9afc45aea4f116125fa6feffd364cf09443e8\windows-amd64\native-platform-file-events.dll
0x00007ffd35530000 - 0x00007ffd3553a000 	C:\Program Files\Android\Android Studio\jre\bin\management.dll
0x00007ffd35520000 - 0x00007ffd3552c000 	C:\Program Files\Android\Android Studio\jre\bin\management_ext.dll
0x00007ffd43820000 - 0x00007ffd43838000 	C:\WINDOWS\SYSTEM32\CRYPTSP.dll
0x00007ffd42f40000 - 0x00007ffd42f74000 	C:\WINDOWS\system32\rsaenh.dll
0x00007ffd44780000 - 0x00007ffd447a7000 	C:\WINDOWS\System32\bcrypt.dll
0x00007ffd43d80000 - 0x00007ffd43dae000 	C:\WINDOWS\SYSTEM32\USERENV.dll
0x00007ffd43840000 - 0x00007ffd4384c000 	C:\WINDOWS\SYSTEM32\CRYPTBASE.dll
0x00007ffd432d0000 - 0x00007ffd4330b000 	C:\WINDOWS\SYSTEM32\IPHLPAPI.DLL
0x00007ffd460b0000 - 0x00007ffd460b8000 	C:\WINDOWS\System32\NSI.dll
0x00007ffd3f420000 - 0x00007ffd3f437000 	C:\WINDOWS\SYSTEM32\dhcpcsvc6.DLL
0x00007ffd3f400000 - 0x00007ffd3f41d000 	C:\WINDOWS\SYSTEM32\dhcpcsvc.DLL
0x00007ffd43320000 - 0x00007ffd433eb000 	C:\WINDOWS\SYSTEM32\DNSAPI.dll

dbghelp: loaded successfully - version: 4.0.5 - missing functions: none
symbol engine: initialized successfully - sym options: 0x614 - pdb path: .;C:\Program Files\Android\Android Studio\jre\bin;C:\WINDOWS\SYSTEM32;C:\WINDOWS\WinSxS\amd64_microsoft.windows.common-controls_6595b64144ccf1df_6.0.19041.1110_none_60b5254171f9507e;C:\Program Files\Android\Android Studio\jre\bin\server;C:\Users\user\.gradle\native\8bec1ad78214c89d9ad589b4d07fe93259594b29d510b10fafb7a158f7737e5d\windows-amd64;C:\Users\user\.gradle\native\53dbd7edfb1c66fb8903c78663c9afc45aea4f116125fa6feffd364cf09443e8\windows-amd64

VM Arguments:
jvm_args: --add-opens=java.base/java.util=ALL-UNNAMED --add-opens=java.base/java.lang=ALL-UNNAMED --add-opens=java.base/java.lang.invoke=ALL-UNNAMED --add-opens=java.base/java.util=ALL-UNNAMED --add-opens=java.prefs/java.util.prefs=ALL-UNNAMED --add-opens=java.prefs/java.util.prefs=ALL-UNNAMED --add-opens=java.base/java.nio.charset=ALL-UNNAMED --add-opens=java.base/java.net=ALL-UNNAMED --add-opens=java.base/java.util.concurrent.atomic=ALL-UNNAMED -Xmx2048m -Dfile.encoding=UTF-8 -Duser.country=KR -Duser.language=ko -Duser.variant 
java_command: org.gradle.launcher.daemon.bootstrap.GradleDaemon 7.0.2
java_class_path (initial): C:\Users\user\.gradle\wrapper\dists\gradle-7.0.2-bin\857tjihv64xamwrf0h14cai3r\gradle-7.0.2\lib\gradle-launcher-7.0.2.jar
Launcher Type: SUN_STANDARD

[Global flags]
     intx CICompilerCount                          = 4                                         {product} {ergonomic}
     uint ConcGCThreads                            = 3                                         {product} {ergonomic}
     uint G1ConcRefinementThreads                  = 10                                        {product} {ergonomic}
   size_t G1HeapRegionSize                         = 1048576                                   {product} {ergonomic}
    uintx GCDrainStackTargetSize                   = 64                                        {product} {ergonomic}
   size_t InitialHeapSize                          = 268435456                                 {product} {ergonomic}
   size_t MarkStackSize                            = 4194304                                   {product} {ergonomic}
   size_t MaxHeapSize                              = 2147483648                                {product} {command line}
   size_t MaxNewSize                               = 1287651328                                {product} {ergonomic}
   size_t MinHeapDeltaBytes                        = 1048576                                   {product} {ergonomic}
    uintx NonNMethodCodeHeapSize                   = 5836300                                {pd product} {ergonomic}
    uintx NonProfiledCodeHeapSize                  = 122910970                              {pd product} {ergonomic}
    uintx ProfiledCodeHeapSize                     = 122910970                              {pd product} {ergonomic}
    uintx ReservedCodeCacheSize                    = 251658240                              {pd product} {ergonomic}
     bool SegmentedCodeCache                       = true                                      {product} {ergonomic}
     bool UseCompressedClassPointers               = true                                 {lp64_product} {ergonomic}
     bool UseCompressedOops                        = true                                 {lp64_product} {ergonomic}
     bool UseG1GC                                  = true                                      {product} {ergonomic}
     bool UseLargePagesIndividualAllocation        = false                                  {pd product} {ergonomic}

Logging:
Log output configuration:
 #0: stdout all=warning uptime,level,tags
 #1: stderr all=off uptime,level,tags

Environment Variables:
PATH=C:\Python39\Scripts\;C:\Python39\;C:\Python38-64\Scripts;C:\Python38-64;C:\Program Files (x86)\Common Files\Oracle\Java\javapath;C:\WINDOWS\system32;C:\WINDOWS;C:\WINDOWS\System32\Wbem;C:\WINDOWS\System32\WindowsPowerShell\v1.0\;C:\WINDOWS\System32\OpenSSH\;C:\Users\user\pythonworkspace;C:\ProgramData\chocolatey\bin;C:\Users\user\AppData\Roaming\nvm;C:\Program Files\nodejs;C:\Program Files\Git\cmd;C:\Program Files\nodejs\;C:\Program Files (x86)\dotnet\;C:\Program Files\dotnet\;C:\python38-64\Scripts\;C:\python38-64\;C:\Users\user\AppData\Local\Microsoft\WindowsApps;C:\Users\user\AppData\Local\Programs\Microsoft VS Code\bin;C:\Program Files\Java\jdk1.8.0_281\bin;C:\Users\user\AppData\Local\atom\bin;C:\Users\user\AppData\Local\GitHubDesktop\bin;C:\Users\user\AppData\Roaming\nvm;C:\Program Files\nodejs;C:\Users\user\AppData\Roaming\npm;C:\Users\user\flutter\bin;C:\Users\user\.dotnet\tools;C:\Program Files\dotnet\sdk;C:\Program Files (x86)\dotnet;C:\reactnativespace;C:\Program Files\OpenSSL-Win64\bin;
USERNAME=user
OS=Windows_NT
PROCESSOR_IDENTIFIER=Intel64 Family 6 Model 165 Stepping 3, GenuineIntel



---------------  S Y S T E M  ---------------

OS: Windows 10 , 64 bit Build 19041 (10.0.19041.1466)
OS uptime: 3 days 18:16 hours

CPU:total 12 (initial active 12) (6 cores per cpu, 2 threads per core) family 6 model 165 stepping 3 microcode 0xcc, cmov, cx8, fxsr, mmx, sse, sse2, sse3, ssse3, sse4.1, sse4.2, popcnt, avx, avx2, aes, clmul, erms, 3dnowpref, lzcnt, ht, tsc, tscinvbit, bmi1, bmi2, adx, fma

Memory: 4k page, system-wide physical 16309M (2491M free)
TotalPageFile size 24501M (AvailPageFile size 14M)
current process WorkingSet (physical memory assigned to process): 560M, peak: 560M
current process commit charge ("private bytes"): 604M, peak: 604M

vm_info: OpenJDK 64-Bit Server VM (11.0.10+0-b96-7249189) for windows-amd64 JRE (11.0.10+0-b96-7249189), built on Mar 31 2021 21:44:00 by "builder" with MS VC++ 14.0 (VS2015)

END.
