#
# There is insufficient memory for the Java Runtime Environment to continue.
# Native memory allocation (malloc) failed to allocate 32744 bytes for ChunkPool::allocate
# Possible reasons:
#   The system is out of physical RAM or swap space
#   The process is running with CompressedOops enabled, and the Java Heap may be blocking the growth of the native heap
# Possible solutions:
#   Reduce memory load on the system
#   Increase physical memory or swap space
#   Check if swap backing store is full
#   Decrease Java heap size (-Xmx/-Xms)
#   Decrease number of Java threads
#   Decrease Java thread stack sizes (-Xss)
#   Set larger code cache with -XX:ReservedCodeCacheSize=
#   JVM is running with Unscaled Compressed Oops mode in which the Java heap is
#     placed in the first 4GB address space. The Java Heap base address is the
#     maximum limit for the native heap growth. Please use -XX:HeapBaseMinAddress
#     to set the Java Heap base and to place the Java Heap above 4GB virtual address.
# This output file may be truncated or incomplete.
#
#  Out of Memory Error (./src/hotspot/share/memory/arena.cpp:81), pid=7980, tid=15680
#
# JRE version: OpenJDK Runtime Environment (11.0.10) (build 11.0.10+0-b96-7249189)
# Java VM: OpenJDK 64-Bit Server VM (11.0.10+0-b96-7249189, mixed mode, tiered, compressed oops, g1 gc, windows-amd64)
# No core dump will be written. Minidumps are not enabled by default on client versions of Windows
#

---------------  S U M M A R Y ------------

Command Line: --add-opens=java.base/java.util=ALL-UNNAMED --add-opens=java.base/java.lang=ALL-UNNAMED --add-opens=java.base/java.lang.invoke=ALL-UNNAMED --add-opens=java.base/java.util=ALL-UNNAMED --add-opens=java.prefs/java.util.prefs=ALL-UNNAMED --add-opens=java.prefs/java.util.prefs=ALL-UNNAMED --add-opens=java.base/java.nio.charset=ALL-UNNAMED --add-opens=java.base/java.net=ALL-UNNAMED --add-opens=java.base/java.util.concurrent.atomic=ALL-UNNAMED -Xmx2048m -Dfile.encoding=UTF-8 -Duser.country=KR -Duser.language=ko -Duser.variant org.gradle.launcher.daemon.bootstrap.GradleDaemon 7.0.2

Host: Intel(R) Core(TM) i5-10400F CPU @ 2.90GHz, 12 cores, 15G,  Windows 10 , 64 bit Build 19041 (10.0.19041.1466)
Time: Thu Jan 20 14:21:24 2022 대한민국 표준시 elapsed time: 5.205545 seconds (0d 0h 0m 5s)

---------------  T H R E A D  ---------------

Current thread (0x000002777ea92000):  JavaThread "C1 CompilerThread0" daemon [_thread_in_native, id=15680, stack(0x000000b42ba00000,0x000000b42bb00000)]


Current CompileTask:
C1:   5205 1808       3       java.util.ArrayList$Itr::next (66 bytes)

Stack: [0x000000b42ba00000,0x000000b42bb00000]
Native frames: (J=compiled Java code, j=interpreted, Vv=VM code, C=native code)
V  [jvm.dll+0x5ecfaa]
V  [jvm.dll+0x722bd5]
V  [jvm.dll+0x72412d]
V  [jvm.dll+0x7247e3]
V  [jvm.dll+0x242928]
V  [jvm.dll+0xbc75b]
V  [jvm.dll+0xbca0c]
V  [jvm.dll+0x13299f]
V  [jvm.dll+0x12d077]
V  [jvm.dll+0x12f275]
V  [jvm.dll+0x12d8d2]
V  [jvm.dll+0x127036]
V  [jvm.dll+0x137756]
V  [jvm.dll+0x137609]
V  [jvm.dll+0x122e99]
V  [jvm.dll+0x1231ea]
V  [jvm.dll+0x1233e3]
V  [jvm.dll+0x1226f7]
V  [jvm.dll+0x1242c7]
V  [jvm.dll+0x208ee7]
V  [jvm.dll+0x207731]
V  [jvm.dll+0x6eb1cf]
V  [jvm.dll+0x6e3d45]
V  [jvm.dll+0x5ebe96]
C  [ucrtbase.dll+0x21bb2]
C  [KERNEL32.DLL+0x17034]
C  [ntdll.dll+0x52651]


---------------  P R O C E S S  ---------------

Threads class SMR info:
_java_thread_list=0x000002771014d950, length=20, elements={
0x00000277728f2000, 0x000002777ea07000, 0x000002777ea0a000, 0x000002777ea80800,
0x000002777ea81000, 0x000002777ea82800, 0x000002777ea91000, 0x000002777ea92000,
0x000002777eaa8800, 0x000002777eaac000, 0x000002777eaad800, 0x000002777eaad000,
0x000002777eaa9800, 0x000002777eaaa800, 0x000002777eaab000, 0x000002777eaae800,
0x000002777eaaf800, 0x0000027710014800, 0x0000027710013000, 0x0000027710011000
}

Java Threads: ( => current thread )
  0x00000277728f2000 JavaThread "main" [_thread_blocked, id=19024, stack(0x000000b42ad00000,0x000000b42ae00000)]
  0x000002777ea07000 JavaThread "Reference Handler" daemon [_thread_blocked, id=17884, stack(0x000000b42b400000,0x000000b42b500000)]
  0x000002777ea0a000 JavaThread "Finalizer" daemon [_thread_blocked, id=18704, stack(0x000000b42b500000,0x000000b42b600000)]
  0x000002777ea80800 JavaThread "Signal Dispatcher" daemon [_thread_blocked, id=15512, stack(0x000000b42b600000,0x000000b42b700000)]
  0x000002777ea81000 JavaThread "Attach Listener" daemon [_thread_blocked, id=18792, stack(0x000000b42b700000,0x000000b42b800000)]
  0x000002777ea82800 JavaThread "Service Thread" daemon [_thread_blocked, id=18964, stack(0x000000b42b800000,0x000000b42b900000)]
  0x000002777ea91000 JavaThread "C2 CompilerThread0" daemon [_thread_in_native, id=816, stack(0x000000b42b900000,0x000000b42ba00000)]
=>0x000002777ea92000 JavaThread "C1 CompilerThread0" daemon [_thread_in_native, id=15680, stack(0x000000b42ba00000,0x000000b42bb00000)]
  0x000002777eaa8800 JavaThread "Sweeper thread" daemon [_thread_blocked, id=21928, stack(0x000000b42bb00000,0x000000b42bc00000)]
  0x000002777eaac000 JavaThread "Common-Cleaner" daemon [_thread_blocked, id=17644, stack(0x000000b42bc00000,0x000000b42bd00000)]
  0x000002777eaad800 JavaThread "Daemon health stats" [_thread_blocked, id=17828, stack(0x000000b42c400000,0x000000b42c500000)]
  0x000002777eaad000 JavaThread "Incoming local TCP Connector on port 56554" [_thread_in_native, id=8764, stack(0x000000b42c300000,0x000000b42c400000)]
  0x000002777eaa9800 JavaThread "Daemon periodic checks" [_thread_blocked, id=21804, stack(0x000000b42c500000,0x000000b42c600000)]
  0x000002777eaaa800 JavaThread "Daemon" [_thread_blocked, id=9412, stack(0x000000b42c600000,0x000000b42c700000)]
  0x000002777eaab000 JavaThread "Handler for socket connection from /127.0.0.1:56554 to /127.0.0.1:56557" [_thread_in_native, id=12604, stack(0x000000b42c700000,0x000000b42c800000)]
  0x000002777eaae800 JavaThread "Cancel handler" [_thread_blocked, id=7840, stack(0x000000b42c800000,0x000000b42c900000)]
  0x000002777eaaf800 JavaThread "Daemon worker" [_thread_in_vm, id=22360, stack(0x000000b42c900000,0x000000b42ca00000)]
  0x0000027710014800 JavaThread "Asynchronous log dispatcher for DefaultDaemonConnection: socket connection from /127.0.0.1:56554 to /127.0.0.1:56557" [_thread_blocked, id=16244, stack(0x000000b42ca00000,0x000000b42cb00000)]
  0x0000027710013000 JavaThread "Stdin handler" [_thread_blocked, id=15064, stack(0x000000b42cb00000,0x000000b42cc00000)]
  0x0000027710011000 JavaThread "Daemon client event forwarder" [_thread_blocked, id=22144, stack(0x000000b42cc00000,0x000000b42cd00000)]

Other Threads:
  0x000002777ea03000 VMThread "VM Thread" [stack: 0x000000b42b300000,0x000000b42b400000] [id=8768]
  0x000002777ec28000 WatcherThread [stack: 0x000000b42bd00000,0x000000b42be00000] [id=12312]
  0x00000277707dc800 GCTaskThread "GC Thread#0" [stack: 0x000000b42ae00000,0x000000b42af00000] [id=4832]
  0x000002777eefd000 GCTaskThread "GC Thread#1" [stack: 0x000000b42be00000,0x000000b42bf00000] [id=16900]
  0x000002770f01c800 GCTaskThread "GC Thread#2" [stack: 0x000000b42bf00000,0x000000b42c000000] [id=16532]
  0x000002777efa3000 GCTaskThread "GC Thread#3" [stack: 0x000000b42c000000,0x000000b42c100000] [id=19376]
  0x000002777f201000 GCTaskThread "GC Thread#4" [stack: 0x000000b42c100000,0x000000b42c200000] [id=13660]
  0x000002770f0e0800 GCTaskThread "GC Thread#5" [stack: 0x000000b42c200000,0x000000b42c300000] [id=8976]
  0x0000027772939800 ConcurrentGCThread "G1 Main Marker" [stack: 0x000000b42af00000,0x000000b42b000000] [id=21492]
  0x000002777293a800 ConcurrentGCThread "G1 Conc#0" [stack: 0x000000b42b000000,0x000000b42b100000] [id=18940]
  0x00000277729ce000 ConcurrentGCThread "G1 Refine#0" [stack: 0x000000b42b100000,0x000000b42b200000] [id=18980]
  0x000002777e053800 ConcurrentGCThread "G1 Young RemSet Sampling" [stack: 0x000000b42b200000,0x000000b42b300000] [id=20404]

Threads with active compile tasks:
C2 CompilerThread0   5223 1807       4       java.lang.AbstractStringBuilder::append (55 bytes)
C1 CompilerThread0   5223 1808       3       java.util.ArrayList$Itr::next (66 bytes)

VM state:not at safepoint (normal execution)

VM Mutex/Monitor currently owned by a thread: None

OutOfMemory and StackOverflow Exception counts:
OutOfMemoryError java_heap_errors=2
LinkageErrors=22

Heap address: 0x0000000080000000, size: 2048 MB, Compressed Oops mode: 32-bit
Narrow klass base: 0x0000000000000000, Narrow klass shift: 3
Compressed class space size: 1073741824 Address: 0x0000000100000000

Heap:
 garbage-first heap   total 262144K, used 95455K [0x0000000080000000, 0x0000000100000000)
  region size 1024K, 88 young (90112K), 3 survivors (3072K)
 Metaspace       used 19193K, capacity 19701K, committed 19968K, reserved 1067008K
  class space    used 2327K, capacity 2473K, committed 2560K, reserved 1048576K
Heap Regions: E=young(eden), S=young(survivor), O=old, HS=humongous(starts), HC=humongous(continues), CS=collection set, F=free, A=archive, TAMS=top-at-mark-start (previous, next)
|   0|0x0000000080000000, 0x0000000080100000, 0x0000000080100000|100%|HS|  |TAMS 0x0000000080000000, 0x0000000080000000| Complete 
|   1|0x0000000080100000, 0x0000000080100000, 0x0000000080200000|  0%| F|  |TAMS 0x0000000080100000, 0x0000000080100000| Untracked 
|   2|0x0000000080200000, 0x0000000080200000, 0x0000000080300000|  0%| F|  |TAMS 0x0000000080200000, 0x0000000080200000| Untracked 
|   3|0x0000000080300000, 0x0000000080400000, 0x0000000080400000|100%|HS|  |TAMS 0x0000000080300000, 0x0000000080300000| Complete 
|   4|0x0000000080400000, 0x0000000080500000, 0x0000000080500000|100%|HC|  |TAMS 0x0000000080400000, 0x0000000080400000| Complete 
|   5|0x0000000080500000, 0x0000000080600000, 0x0000000080600000|100%|HC|  |TAMS 0x0000000080500000, 0x0000000080500000| Complete 
|   6|0x0000000080600000, 0x0000000080700000, 0x0000000080700000|100%| O|  |TAMS 0x0000000080600000, 0x0000000080600000| Untracked 
|   7|0x0000000080700000, 0x0000000080800000, 0x0000000080800000|100%| O|  |TAMS 0x0000000080700000, 0x0000000080700000| Untracked 
|   8|0x0000000080800000, 0x0000000080900000, 0x0000000080900000|100%| O|  |TAMS 0x0000000080800000, 0x0000000080800000| Untracked 
|   9|0x0000000080900000, 0x0000000080937e00, 0x0000000080a00000| 21%| O|  |TAMS 0x0000000080900000, 0x0000000080900000| Untracked 
|  10|0x0000000080a00000, 0x0000000080a00000, 0x0000000080b00000|  0%| F|  |TAMS 0x0000000080a00000, 0x0000000080a00000| Untracked 
|  11|0x0000000080b00000, 0x0000000080b00000, 0x0000000080c00000|  0%| F|  |TAMS 0x0000000080b00000, 0x0000000080b00000| Untracked 
|  12|0x0000000080c00000, 0x0000000080c00000, 0x0000000080d00000|  0%| F|  |TAMS 0x0000000080c00000, 0x0000000080c00000| Untracked 
|  13|0x0000000080d00000, 0x0000000080d00000, 0x0000000080e00000|  0%| F|  |TAMS 0x0000000080d00000, 0x0000000080d00000| Untracked 
|  14|0x0000000080e00000, 0x0000000080e00000, 0x0000000080f00000|  0%| F|  |TAMS 0x0000000080e00000, 0x0000000080e00000| Untracked 
|  15|0x0000000080f00000, 0x0000000080f00000, 0x0000000081000000|  0%| F|  |TAMS 0x0000000080f00000, 0x0000000080f00000| Untracked 
|  16|0x0000000081000000, 0x0000000081000000, 0x0000000081100000|  0%| F|  |TAMS 0x0000000081000000, 0x0000000081000000| Untracked 
|  17|0x0000000081100000, 0x0000000081100000, 0x0000000081200000|  0%| F|  |TAMS 0x0000000081100000, 0x0000000081100000| Untracked 
|  18|0x0000000081200000, 0x0000000081200000, 0x0000000081300000|  0%| F|  |TAMS 0x0000000081200000, 0x0000000081200000| Untracked 
|  19|0x0000000081300000, 0x0000000081300000, 0x0000000081400000|  0%| F|  |TAMS 0x0000000081300000, 0x0000000081300000| Untracked 
|  20|0x0000000081400000, 0x0000000081400000, 0x0000000081500000|  0%| F|  |TAMS 0x0000000081400000, 0x0000000081400000| Untracked 
|  21|0x0000000081500000, 0x0000000081500000, 0x0000000081600000|  0%| F|  |TAMS 0x0000000081500000, 0x0000000081500000| Untracked 
|  22|0x0000000081600000, 0x0000000081600000, 0x0000000081700000|  0%| F|  |TAMS 0x0000000081600000, 0x0000000081600000| Untracked 
|  23|0x0000000081700000, 0x0000000081700000, 0x0000000081800000|  0%| F|  |TAMS 0x0000000081700000, 0x0000000081700000| Untracked 
|  24|0x0000000081800000, 0x0000000081800000, 0x0000000081900000|  0%| F|  |TAMS 0x0000000081800000, 0x0000000081800000| Untracked 
|  25|0x0000000081900000, 0x0000000081900000, 0x0000000081a00000|  0%| F|  |TAMS 0x0000000081900000, 0x0000000081900000| Untracked 
|  26|0x0000000081a00000, 0x0000000081a00000, 0x0000000081b00000|  0%| F|  |TAMS 0x0000000081a00000, 0x0000000081a00000| Untracked 
|  27|0x0000000081b00000, 0x0000000081b00000, 0x0000000081c00000|  0%| F|  |TAMS 0x0000000081b00000, 0x0000000081b00000| Untracked 
|  28|0x0000000081c00000, 0x0000000081c00000, 0x0000000081d00000|  0%| F|  |TAMS 0x0000000081c00000, 0x0000000081c00000| Untracked 
|  29|0x0000000081d00000, 0x0000000081d00000, 0x0000000081e00000|  0%| F|  |TAMS 0x0000000081d00000, 0x0000000081d00000| Untracked 
|  30|0x0000000081e00000, 0x0000000081e00000, 0x0000000081f00000|  0%| F|  |TAMS 0x0000000081e00000, 0x0000000081e00000| Untracked 
|  31|0x0000000081f00000, 0x0000000081f00000, 0x0000000082000000|  0%| F|  |TAMS 0x0000000081f00000, 0x0000000081f00000| Untracked 
|  32|0x0000000082000000, 0x0000000082000000, 0x0000000082100000|  0%| F|  |TAMS 0x0000000082000000, 0x0000000082000000| Untracked 
|  33|0x0000000082100000, 0x0000000082100000, 0x0000000082200000|  0%| F|  |TAMS 0x0000000082100000, 0x0000000082100000| Untracked 
|  34|0x0000000082200000, 0x0000000082200000, 0x0000000082300000|  0%| F|  |TAMS 0x0000000082200000, 0x0000000082200000| Untracked 
|  35|0x0000000082300000, 0x0000000082300000, 0x0000000082400000|  0%| F|  |TAMS 0x0000000082300000, 0x0000000082300000| Untracked 
|  36|0x0000000082400000, 0x0000000082400000, 0x0000000082500000|  0%| F|  |TAMS 0x0000000082400000, 0x0000000082400000| Untracked 
|  37|0x0000000082500000, 0x0000000082500000, 0x0000000082600000|  0%| F|  |TAMS 0x0000000082500000, 0x0000000082500000| Untracked 
|  38|0x0000000082600000, 0x0000000082600000, 0x0000000082700000|  0%| F|  |TAMS 0x0000000082600000, 0x0000000082600000| Untracked 
|  39|0x0000000082700000, 0x0000000082700000, 0x0000000082800000|  0%| F|  |TAMS 0x0000000082700000, 0x0000000082700000| Untracked 
|  40|0x0000000082800000, 0x0000000082800000, 0x0000000082900000|  0%| F|  |TAMS 0x0000000082800000, 0x0000000082800000| Untracked 
|  41|0x0000000082900000, 0x0000000082900000, 0x0000000082a00000|  0%| F|  |TAMS 0x0000000082900000, 0x0000000082900000| Untracked 
|  42|0x0000000082a00000, 0x0000000082a00000, 0x0000000082b00000|  0%| F|  |TAMS 0x0000000082a00000, 0x0000000082a00000| Untracked 
|  43|0x0000000082b00000, 0x0000000082b00000, 0x0000000082c00000|  0%| F|  |TAMS 0x0000000082b00000, 0x0000000082b00000| Untracked 
|  44|0x0000000082c00000, 0x0000000082c00000, 0x0000000082d00000|  0%| F|  |TAMS 0x0000000082c00000, 0x0000000082c00000| Untracked 
|  45|0x0000000082d00000, 0x0000000082d00000, 0x0000000082e00000|  0%| F|  |TAMS 0x0000000082d00000, 0x0000000082d00000| Untracked 
|  46|0x0000000082e00000, 0x0000000082e00000, 0x0000000082f00000|  0%| F|  |TAMS 0x0000000082e00000, 0x0000000082e00000| Untracked 
|  47|0x0000000082f00000, 0x0000000082f00000, 0x0000000083000000|  0%| F|  |TAMS 0x0000000082f00000, 0x0000000082f00000| Untracked 
|  48|0x0000000083000000, 0x0000000083000000, 0x0000000083100000|  0%| F|  |TAMS 0x0000000083000000, 0x0000000083000000| Untracked 
|  49|0x0000000083100000, 0x0000000083100000, 0x0000000083200000|  0%| F|  |TAMS 0x0000000083100000, 0x0000000083100000| Untracked 
|  50|0x0000000083200000, 0x0000000083200000, 0x0000000083300000|  0%| F|  |TAMS 0x0000000083200000, 0x0000000083200000| Untracked 
|  51|0x0000000083300000, 0x0000000083300000, 0x0000000083400000|  0%| F|  |TAMS 0x0000000083300000, 0x0000000083300000| Untracked 
|  52|0x0000000083400000, 0x0000000083400000, 0x0000000083500000|  0%| F|  |TAMS 0x0000000083400000, 0x0000000083400000| Untracked 
|  53|0x0000000083500000, 0x0000000083500000, 0x0000000083600000|  0%| F|  |TAMS 0x0000000083500000, 0x0000000083500000| Untracked 
|  54|0x0000000083600000, 0x0000000083600000, 0x0000000083700000|  0%| F|  |TAMS 0x0000000083600000, 0x0000000083600000| Untracked 
|  55|0x0000000083700000, 0x0000000083700000, 0x0000000083800000|  0%| F|  |TAMS 0x0000000083700000, 0x0000000083700000| Untracked 
|  56|0x0000000083800000, 0x0000000083800000, 0x0000000083900000|  0%| F|  |TAMS 0x0000000083800000, 0x0000000083800000| Untracked 
|  57|0x0000000083900000, 0x0000000083900000, 0x0000000083a00000|  0%| F|  |TAMS 0x0000000083900000, 0x0000000083900000| Untracked 
|  58|0x0000000083a00000, 0x0000000083a00000, 0x0000000083b00000|  0%| F|  |TAMS 0x0000000083a00000, 0x0000000083a00000| Untracked 
|  59|0x0000000083b00000, 0x0000000083b00000, 0x0000000083c00000|  0%| F|  |TAMS 0x0000000083b00000, 0x0000000083b00000| Untracked 
|  60|0x0000000083c00000, 0x0000000083c00000, 0x0000000083d00000|  0%| F|  |TAMS 0x0000000083c00000, 0x0000000083c00000| Untracked 
|  61|0x0000000083d00000, 0x0000000083d00000, 0x0000000083e00000|  0%| F|  |TAMS 0x0000000083d00000, 0x0000000083d00000| Untracked 
|  62|0x0000000083e00000, 0x0000000083e00000, 0x0000000083f00000|  0%| F|  |TAMS 0x0000000083e00000, 0x0000000083e00000| Untracked 
|  63|0x0000000083f00000, 0x0000000083f00000, 0x0000000084000000|  0%| F|  |TAMS 0x0000000083f00000, 0x0000000083f00000| Untracked 
|  64|0x0000000084000000, 0x0000000084000000, 0x0000000084100000|  0%| F|  |TAMS 0x0000000084000000, 0x0000000084000000| Untracked 
|  65|0x0000000084100000, 0x0000000084100000, 0x0000000084200000|  0%| F|  |TAMS 0x0000000084100000, 0x0000000084100000| Untracked 
|  66|0x0000000084200000, 0x0000000084200000, 0x0000000084300000|  0%| F|  |TAMS 0x0000000084200000, 0x0000000084200000| Untracked 
|  67|0x0000000084300000, 0x0000000084300000, 0x0000000084400000|  0%| F|  |TAMS 0x0000000084300000, 0x0000000084300000| Untracked 
|  68|0x0000000084400000, 0x0000000084400000, 0x0000000084500000|  0%| F|  |TAMS 0x0000000084400000, 0x0000000084400000| Untracked 
|  69|0x0000000084500000, 0x0000000084500000, 0x0000000084600000|  0%| F|  |TAMS 0x0000000084500000, 0x0000000084500000| Untracked 
|  70|0x0000000084600000, 0x0000000084600000, 0x0000000084700000|  0%| F|  |TAMS 0x0000000084600000, 0x0000000084600000| Untracked 
|  71|0x0000000084700000, 0x0000000084700000, 0x0000000084800000|  0%| F|  |TAMS 0x0000000084700000, 0x0000000084700000| Untracked 
|  72|0x0000000084800000, 0x0000000084800000, 0x0000000084900000|  0%| F|  |TAMS 0x0000000084800000, 0x0000000084800000| Untracked 
|  73|0x0000000084900000, 0x0000000084900000, 0x0000000084a00000|  0%| F|  |TAMS 0x0000000084900000, 0x0000000084900000| Untracked 
|  74|0x0000000084a00000, 0x0000000084a00000, 0x0000000084b00000|  0%| F|  |TAMS 0x0000000084a00000, 0x0000000084a00000| Untracked 
|  75|0x0000000084b00000, 0x0000000084b00000, 0x0000000084c00000|  0%| F|  |TAMS 0x0000000084b00000, 0x0000000084b00000| Untracked 
|  76|0x0000000084c00000, 0x0000000084c00000, 0x0000000084d00000|  0%| F|  |TAMS 0x0000000084c00000, 0x0000000084c00000| Untracked 
|  77|0x0000000084d00000, 0x0000000084d00000, 0x0000000084e00000|  0%| F|  |TAMS 0x0000000084d00000, 0x0000000084d00000| Untracked 
|  78|0x0000000084e00000, 0x0000000084e00000, 0x0000000084f00000|  0%| F|  |TAMS 0x0000000084e00000, 0x0000000084e00000| Untracked 
|  79|0x0000000084f00000, 0x0000000084f00000, 0x0000000085000000|  0%| F|  |TAMS 0x0000000084f00000, 0x0000000084f00000| Untracked 
|  80|0x0000000085000000, 0x0000000085000000, 0x0000000085100000|  0%| F|  |TAMS 0x0000000085000000, 0x0000000085000000| Untracked 
|  81|0x0000000085100000, 0x0000000085100000, 0x0000000085200000|  0%| F|  |TAMS 0x0000000085100000, 0x0000000085100000| Untracked 
|  82|0x0000000085200000, 0x0000000085200000, 0x0000000085300000|  0%| F|  |TAMS 0x0000000085200000, 0x0000000085200000| Untracked 
|  83|0x0000000085300000, 0x0000000085300000, 0x0000000085400000|  0%| F|  |TAMS 0x0000000085300000, 0x0000000085300000| Untracked 
|  84|0x0000000085400000, 0x0000000085400000, 0x0000000085500000|  0%| F|  |TAMS 0x0000000085400000, 0x0000000085400000| Untracked 
|  85|0x0000000085500000, 0x0000000085500000, 0x0000000085600000|  0%| F|  |TAMS 0x0000000085500000, 0x0000000085500000| Untracked 
|  86|0x0000000085600000, 0x0000000085600000, 0x0000000085700000|  0%| F|  |TAMS 0x0000000085600000, 0x0000000085600000| Untracked 
|  87|0x0000000085700000, 0x0000000085700000, 0x0000000085800000|  0%| F|  |TAMS 0x0000000085700000, 0x0000000085700000| Untracked 
|  88|0x0000000085800000, 0x0000000085800000, 0x0000000085900000|  0%| F|  |TAMS 0x0000000085800000, 0x0000000085800000| Untracked 
|  89|0x0000000085900000, 0x0000000085900000, 0x0000000085a00000|  0%| F|  |TAMS 0x0000000085900000, 0x0000000085900000| Untracked 
|  90|0x0000000085a00000, 0x0000000085a00000, 0x0000000085b00000|  0%| F|  |TAMS 0x0000000085a00000, 0x0000000085a00000| Untracked 
|  91|0x0000000085b00000, 0x0000000085b00000, 0x0000000085c00000|  0%| F|  |TAMS 0x0000000085b00000, 0x0000000085b00000| Untracked 
|  92|0x0000000085c00000, 0x0000000085c00000, 0x0000000085d00000|  0%| F|  |TAMS 0x0000000085c00000, 0x0000000085c00000| Untracked 
|  93|0x0000000085d00000, 0x0000000085d00000, 0x0000000085e00000|  0%| F|  |TAMS 0x0000000085d00000, 0x0000000085d00000| Untracked 
|  94|0x0000000085e00000, 0x0000000085e00000, 0x0000000085f00000|  0%| F|  |TAMS 0x0000000085e00000, 0x0000000085e00000| Untracked 
|  95|0x0000000085f00000, 0x0000000085f00000, 0x0000000086000000|  0%| F|  |TAMS 0x0000000085f00000, 0x0000000085f00000| Untracked 
|  96|0x0000000086000000, 0x0000000086000000, 0x0000000086100000|  0%| F|  |TAMS 0x0000000086000000, 0x0000000086000000| Untracked 
|  97|0x0000000086100000, 0x0000000086100000, 0x0000000086200000|  0%| F|  |TAMS 0x0000000086100000, 0x0000000086100000| Untracked 
|  98|0x0000000086200000, 0x0000000086200000, 0x0000000086300000|  0%| F|  |TAMS 0x0000000086200000, 0x0000000086200000| Untracked 
|  99|0x0000000086300000, 0x0000000086300000, 0x0000000086400000|  0%| F|  |TAMS 0x0000000086300000, 0x0000000086300000| Untracked 
| 100|0x0000000086400000, 0x0000000086400000, 0x0000000086500000|  0%| F|  |TAMS 0x0000000086400000, 0x0000000086400000| Untracked 
| 101|0x0000000086500000, 0x0000000086500000, 0x0000000086600000|  0%| F|  |TAMS 0x0000000086500000, 0x0000000086500000| Untracked 
| 102|0x0000000086600000, 0x0000000086600000, 0x0000000086700000|  0%| F|  |TAMS 0x0000000086600000, 0x0000000086600000| Untracked 
| 103|0x0000000086700000, 0x0000000086700000, 0x0000000086800000|  0%| F|  |TAMS 0x0000000086700000, 0x0000000086700000| Untracked 
| 104|0x0000000086800000, 0x0000000086800000, 0x0000000086900000|  0%| F|  |TAMS 0x0000000086800000, 0x0000000086800000| Untracked 
| 105|0x0000000086900000, 0x0000000086900000, 0x0000000086a00000|  0%| F|  |TAMS 0x0000000086900000, 0x0000000086900000| Untracked 
| 106|0x0000000086a00000, 0x0000000086a00000, 0x0000000086b00000|  0%| F|  |TAMS 0x0000000086a00000, 0x0000000086a00000| Untracked 
| 107|0x0000000086b00000, 0x0000000086b00000, 0x0000000086c00000|  0%| F|  |TAMS 0x0000000086b00000, 0x0000000086b00000| Untracked 
| 108|0x0000000086c00000, 0x0000000086c00000, 0x0000000086d00000|  0%| F|  |TAMS 0x0000000086c00000, 0x0000000086c00000| Untracked 
| 109|0x0000000086d00000, 0x0000000086d00000, 0x0000000086e00000|  0%| F|  |TAMS 0x0000000086d00000, 0x0000000086d00000| Untracked 
| 110|0x0000000086e00000, 0x0000000086e00000, 0x0000000086f00000|  0%| F|  |TAMS 0x0000000086e00000, 0x0000000086e00000| Untracked 
| 111|0x0000000086f00000, 0x0000000086f00000, 0x0000000087000000|  0%| F|  |TAMS 0x0000000086f00000, 0x0000000086f00000| Untracked 
| 112|0x0000000087000000, 0x0000000087000000, 0x0000000087100000|  0%| F|  |TAMS 0x0000000087000000, 0x0000000087000000| Untracked 
| 113|0x0000000087100000, 0x0000000087100000, 0x0000000087200000|  0%| F|  |TAMS 0x0000000087100000, 0x0000000087100000| Untracked 
| 114|0x0000000087200000, 0x0000000087200000, 0x0000000087300000|  0%| F|  |TAMS 0x0000000087200000, 0x0000000087200000| Untracked 
| 115|0x0000000087300000, 0x0000000087300000, 0x0000000087400000|  0%| F|  |TAMS 0x0000000087300000, 0x0000000087300000| Untracked 
| 116|0x0000000087400000, 0x0000000087400000, 0x0000000087500000|  0%| F|  |TAMS 0x0000000087400000, 0x0000000087400000| Untracked 
| 117|0x0000000087500000, 0x0000000087500000, 0x0000000087600000|  0%| F|  |TAMS 0x0000000087500000, 0x0000000087500000| Untracked 
| 118|0x0000000087600000, 0x0000000087600000, 0x0000000087700000|  0%| F|  |TAMS 0x0000000087600000, 0x0000000087600000| Untracked 
| 119|0x0000000087700000, 0x0000000087700000, 0x0000000087800000|  0%| F|  |TAMS 0x0000000087700000, 0x0000000087700000| Untracked 
| 120|0x0000000087800000, 0x0000000087800000, 0x0000000087900000|  0%| F|  |TAMS 0x0000000087800000, 0x0000000087800000| Untracked 
| 121|0x0000000087900000, 0x0000000087900000, 0x0000000087a00000|  0%| F|  |TAMS 0x0000000087900000, 0x0000000087900000| Untracked 
| 122|0x0000000087a00000, 0x0000000087a00000, 0x0000000087b00000|  0%| F|  |TAMS 0x0000000087a00000, 0x0000000087a00000| Untracked 
| 123|0x0000000087b00000, 0x0000000087b00000, 0x0000000087c00000|  0%| F|  |TAMS 0x0000000087b00000, 0x0000000087b00000| Untracked 
| 124|0x0000000087c00000, 0x0000000087c00000, 0x0000000087d00000|  0%| F|  |TAMS 0x0000000087c00000, 0x0000000087c00000| Untracked 
| 125|0x0000000087d00000, 0x0000000087d00000, 0x0000000087e00000|  0%| F|  |TAMS 0x0000000087d00000, 0x0000000087d00000| Untracked 
| 126|0x0000000087e00000, 0x0000000087e00000, 0x0000000087f00000|  0%| F|  |TAMS 0x0000000087e00000, 0x0000000087e00000| Untracked 
| 127|0x0000000087f00000, 0x0000000087f00000, 0x0000000088000000|  0%| F|  |TAMS 0x0000000087f00000, 0x0000000087f00000| Untracked 
| 128|0x0000000088000000, 0x0000000088000000, 0x0000000088100000|  0%| F|  |TAMS 0x0000000088000000, 0x0000000088000000| Untracked 
| 129|0x0000000088100000, 0x0000000088100000, 0x0000000088200000|  0%| F|  |TAMS 0x0000000088100000, 0x0000000088100000| Untracked 
| 130|0x0000000088200000, 0x0000000088200000, 0x0000000088300000|  0%| F|  |TAMS 0x0000000088200000, 0x0000000088200000| Untracked 
| 131|0x0000000088300000, 0x0000000088300000, 0x0000000088400000|  0%| F|  |TAMS 0x0000000088300000, 0x0000000088300000| Untracked 
| 132|0x0000000088400000, 0x0000000088400000, 0x0000000088500000|  0%| F|  |TAMS 0x0000000088400000, 0x0000000088400000| Untracked 
| 133|0x0000000088500000, 0x0000000088500000, 0x0000000088600000|  0%| F|  |TAMS 0x0000000088500000, 0x0000000088500000| Untracked 
| 134|0x0000000088600000, 0x0000000088600000, 0x0000000088700000|  0%| F|  |TAMS 0x0000000088600000, 0x0000000088600000| Untracked 
| 135|0x0000000088700000, 0x0000000088700000, 0x0000000088800000|  0%| F|  |TAMS 0x0000000088700000, 0x0000000088700000| Untracked 
| 136|0x0000000088800000, 0x0000000088800000, 0x0000000088900000|  0%| F|  |TAMS 0x0000000088800000, 0x0000000088800000| Untracked 
| 137|0x0000000088900000, 0x0000000088900000, 0x0000000088a00000|  0%| F|  |TAMS 0x0000000088900000, 0x0000000088900000| Untracked 
| 138|0x0000000088a00000, 0x0000000088a00000, 0x0000000088b00000|  0%| F|  |TAMS 0x0000000088a00000, 0x0000000088a00000| Untracked 
| 139|0x0000000088b00000, 0x0000000088b00000, 0x0000000088c00000|  0%| F|  |TAMS 0x0000000088b00000, 0x0000000088b00000| Untracked 
| 140|0x0000000088c00000, 0x0000000088c00000, 0x0000000088d00000|  0%| F|  |TAMS 0x0000000088c00000, 0x0000000088c00000| Untracked 
| 141|0x0000000088d00000, 0x0000000088d00000, 0x0000000088e00000|  0%| F|  |TAMS 0x0000000088d00000, 0x0000000088d00000| Untracked 
| 142|0x0000000088e00000, 0x0000000088e00000, 0x0000000088f00000|  0%| F|  |TAMS 0x0000000088e00000, 0x0000000088e00000| Untracked 
| 143|0x0000000088f00000, 0x0000000088f00000, 0x0000000089000000|  0%| F|  |TAMS 0x0000000088f00000, 0x0000000088f00000| Untracked 
| 144|0x0000000089000000, 0x0000000089000000, 0x0000000089100000|  0%| F|  |TAMS 0x0000000089000000, 0x0000000089000000| Untracked 
| 145|0x0000000089100000, 0x0000000089100000, 0x0000000089200000|  0%| F|  |TAMS 0x0000000089100000, 0x0000000089100000| Untracked 
| 146|0x0000000089200000, 0x0000000089200000, 0x0000000089300000|  0%| F|  |TAMS 0x0000000089200000, 0x0000000089200000| Untracked 
| 147|0x0000000089300000, 0x0000000089300000, 0x0000000089400000|  0%| F|  |TAMS 0x0000000089300000, 0x0000000089300000| Untracked 
| 148|0x0000000089400000, 0x0000000089400000, 0x0000000089500000|  0%| F|  |TAMS 0x0000000089400000, 0x0000000089400000| Untracked 
| 149|0x0000000089500000, 0x0000000089500000, 0x0000000089600000|  0%| F|  |TAMS 0x0000000089500000, 0x0000000089500000| Untracked 
| 150|0x0000000089600000, 0x0000000089600000, 0x0000000089700000|  0%| F|  |TAMS 0x0000000089600000, 0x0000000089600000| Untracked 
| 151|0x0000000089700000, 0x0000000089700000, 0x0000000089800000|  0%| F|  |TAMS 0x0000000089700000, 0x0000000089700000| Untracked 
| 152|0x0000000089800000, 0x0000000089800000, 0x0000000089900000|  0%| F|  |TAMS 0x0000000089800000, 0x0000000089800000| Untracked 
| 153|0x0000000089900000, 0x0000000089900000, 0x0000000089a00000|  0%| F|  |TAMS 0x0000000089900000, 0x0000000089900000| Untracked 
| 154|0x0000000089a00000, 0x0000000089a00000, 0x0000000089b00000|  0%| F|  |TAMS 0x0000000089a00000, 0x0000000089a00000| Untracked 
| 155|0x0000000089b00000, 0x0000000089b00000, 0x0000000089c00000|  0%| F|  |TAMS 0x0000000089b00000, 0x0000000089b00000| Untracked 
| 156|0x0000000089c00000, 0x0000000089c00000, 0x0000000089d00000|  0%| F|  |TAMS 0x0000000089c00000, 0x0000000089c00000| Untracked 
| 157|0x0000000089d00000, 0x0000000089d00000, 0x0000000089e00000|  0%| F|  |TAMS 0x0000000089d00000, 0x0000000089d00000| Untracked 
| 158|0x0000000089e00000, 0x0000000089e00000, 0x0000000089f00000|  0%| F|  |TAMS 0x0000000089e00000, 0x0000000089e00000| Untracked 
| 159|0x0000000089f00000, 0x0000000089f00000, 0x000000008a000000|  0%| F|  |TAMS 0x0000000089f00000, 0x0000000089f00000| Untracked 
| 160|0x000000008a000000, 0x000000008a000000, 0x000000008a100000|  0%| F|  |TAMS 0x000000008a000000, 0x000000008a000000| Untracked 
| 161|0x000000008a100000, 0x000000008a100000, 0x000000008a200000|  0%| F|  |TAMS 0x000000008a100000, 0x000000008a100000| Untracked 
| 162|0x000000008a200000, 0x000000008a200000, 0x000000008a300000|  0%| F|  |TAMS 0x000000008a200000, 0x000000008a200000| Untracked 
| 163|0x000000008a300000, 0x000000008a300000, 0x000000008a400000|  0%| F|  |TAMS 0x000000008a300000, 0x000000008a300000| Untracked 
| 164|0x000000008a400000, 0x000000008a400000, 0x000000008a500000|  0%| F|  |TAMS 0x000000008a400000, 0x000000008a400000| Untracked 
| 165|0x000000008a500000, 0x000000008a500000, 0x000000008a600000|  0%| F|  |TAMS 0x000000008a500000, 0x000000008a500000| Untracked 
| 166|0x000000008a600000, 0x000000008a600000, 0x000000008a700000|  0%| F|  |TAMS 0x000000008a600000, 0x000000008a600000| Untracked 
| 167|0x000000008a700000, 0x000000008a700000, 0x000000008a800000|  0%| F|  |TAMS 0x000000008a700000, 0x000000008a700000| Untracked 
| 168|0x000000008a800000, 0x000000008a900000, 0x000000008a900000|100%| E|  |TAMS 0x000000008a800000, 0x000000008a800000| Complete 
| 169|0x000000008a900000, 0x000000008aa00000, 0x000000008aa00000|100%| E|CS|TAMS 0x000000008a900000, 0x000000008a900000| Complete 
| 170|0x000000008aa00000, 0x000000008ab00000, 0x000000008ab00000|100%| E|CS|TAMS 0x000000008aa00000, 0x000000008aa00000| Complete 
| 171|0x000000008ab00000, 0x000000008ac00000, 0x000000008ac00000|100%| E|CS|TAMS 0x000000008ab00000, 0x000000008ab00000| Complete 
| 172|0x000000008ac00000, 0x000000008ad00000, 0x000000008ad00000|100%| E|CS|TAMS 0x000000008ac00000, 0x000000008ac00000| Complete 
| 173|0x000000008ad00000, 0x000000008ae00000, 0x000000008ae00000|100%| E|CS|TAMS 0x000000008ad00000, 0x000000008ad00000| Complete 
| 174|0x000000008ae00000, 0x000000008af00000, 0x000000008af00000|100%| E|CS|TAMS 0x000000008ae00000, 0x000000008ae00000| Complete 
| 175|0x000000008af00000, 0x000000008b000000, 0x000000008b000000|100%| E|CS|TAMS 0x000000008af00000, 0x000000008af00000| Complete 
| 176|0x000000008b000000, 0x000000008b100000, 0x000000008b100000|100%| E|CS|TAMS 0x000000008b000000, 0x000000008b000000| Complete 
| 177|0x000000008b100000, 0x000000008b200000, 0x000000008b200000|100%| E|CS|TAMS 0x000000008b100000, 0x000000008b100000| Complete 
| 178|0x000000008b200000, 0x000000008b300000, 0x000000008b300000|100%| E|CS|TAMS 0x000000008b200000, 0x000000008b200000| Complete 
| 179|0x000000008b300000, 0x000000008b400000, 0x000000008b400000|100%| E|CS|TAMS 0x000000008b300000, 0x000000008b300000| Complete 
| 180|0x000000008b400000, 0x000000008b500000, 0x000000008b500000|100%| E|CS|TAMS 0x000000008b400000, 0x000000008b400000| Complete 
| 181|0x000000008b500000, 0x000000008b600000, 0x000000008b600000|100%| E|CS|TAMS 0x000000008b500000, 0x000000008b500000| Complete 
| 182|0x000000008b600000, 0x000000008b700000, 0x000000008b700000|100%| E|CS|TAMS 0x000000008b600000, 0x000000008b600000| Complete 
| 183|0x000000008b700000, 0x000000008b800000, 0x000000008b800000|100%| E|CS|TAMS 0x000000008b700000, 0x000000008b700000| Complete 
| 184|0x000000008b800000, 0x000000008b900000, 0x000000008b900000|100%| E|CS|TAMS 0x000000008b800000, 0x000000008b800000| Complete 
| 185|0x000000008b900000, 0x000000008ba00000, 0x000000008ba00000|100%| E|CS|TAMS 0x000000008b900000, 0x000000008b900000| Complete 
| 186|0x000000008ba00000, 0x000000008bb00000, 0x000000008bb00000|100%| E|CS|TAMS 0x000000008ba00000, 0x000000008ba00000| Complete 
| 187|0x000000008bb00000, 0x000000008bc00000, 0x000000008bc00000|100%| E|CS|TAMS 0x000000008bb00000, 0x000000008bb00000| Complete 
| 188|0x000000008bc00000, 0x000000008bd00000, 0x000000008bd00000|100%| E|CS|TAMS 0x000000008bc00000, 0x000000008bc00000| Complete 
| 189|0x000000008bd00000, 0x000000008be00000, 0x000000008be00000|100%| E|CS|TAMS 0x000000008bd00000, 0x000000008bd00000| Complete 
| 190|0x000000008be00000, 0x000000008bf00000, 0x000000008bf00000|100%| E|CS|TAMS 0x000000008be00000, 0x000000008be00000| Complete 
| 191|0x000000008bf00000, 0x000000008c000000, 0x000000008c000000|100%| E|CS|TAMS 0x000000008bf00000, 0x000000008bf00000| Complete 
| 192|0x000000008c000000, 0x000000008c100000, 0x000000008c100000|100%| E|CS|TAMS 0x000000008c000000, 0x000000008c000000| Complete 
| 193|0x000000008c100000, 0x000000008c200000, 0x000000008c200000|100%| E|CS|TAMS 0x000000008c100000, 0x000000008c100000| Complete 
| 194|0x000000008c200000, 0x000000008c300000, 0x000000008c300000|100%| E|CS|TAMS 0x000000008c200000, 0x000000008c200000| Complete 
| 195|0x000000008c300000, 0x000000008c400000, 0x000000008c400000|100%| E|CS|TAMS 0x000000008c300000, 0x000000008c300000| Complete 
| 196|0x000000008c400000, 0x000000008c500000, 0x000000008c500000|100%| E|CS|TAMS 0x000000008c400000, 0x000000008c400000| Complete 
| 197|0x000000008c500000, 0x000000008c600000, 0x000000008c600000|100%| E|CS|TAMS 0x000000008c500000, 0x000000008c500000| Complete 
| 198|0x000000008c600000, 0x000000008c700000, 0x000000008c700000|100%| E|CS|TAMS 0x000000008c600000, 0x000000008c600000| Complete 
| 199|0x000000008c700000, 0x000000008c800000, 0x000000008c800000|100%| E|CS|TAMS 0x000000008c700000, 0x000000008c700000| Complete 
| 200|0x000000008c800000, 0x000000008c900000, 0x000000008c900000|100%| E|CS|TAMS 0x000000008c800000, 0x000000008c800000| Complete 
| 201|0x000000008c900000, 0x000000008ca00000, 0x000000008ca00000|100%| E|CS|TAMS 0x000000008c900000, 0x000000008c900000| Complete 
| 202|0x000000008ca00000, 0x000000008cb00000, 0x000000008cb00000|100%| E|CS|TAMS 0x000000008ca00000, 0x000000008ca00000| Complete 
| 203|0x000000008cb00000, 0x000000008cc00000, 0x000000008cc00000|100%| E|CS|TAMS 0x000000008cb00000, 0x000000008cb00000| Complete 
| 204|0x000000008cc00000, 0x000000008cd00000, 0x000000008cd00000|100%| E|CS|TAMS 0x000000008cc00000, 0x000000008cc00000| Complete 
| 205|0x000000008cd00000, 0x000000008ce00000, 0x000000008ce00000|100%| E|CS|TAMS 0x000000008cd00000, 0x000000008cd00000| Complete 
| 206|0x000000008ce00000, 0x000000008cf00000, 0x000000008cf00000|100%| E|CS|TAMS 0x000000008ce00000, 0x000000008ce00000| Complete 
| 207|0x000000008cf00000, 0x000000008d000000, 0x000000008d000000|100%| E|CS|TAMS 0x000000008cf00000, 0x000000008cf00000| Complete 
| 208|0x000000008d000000, 0x000000008d100000, 0x000000008d100000|100%| E|CS|TAMS 0x000000008d000000, 0x000000008d000000| Complete 
| 209|0x000000008d100000, 0x000000008d200000, 0x000000008d200000|100%| E|CS|TAMS 0x000000008d100000, 0x000000008d100000| Complete 
| 210|0x000000008d200000, 0x000000008d300000, 0x000000008d300000|100%| E|CS|TAMS 0x000000008d200000, 0x000000008d200000| Complete 
| 211|0x000000008d300000, 0x000000008d400000, 0x000000008d400000|100%| E|CS|TAMS 0x000000008d300000, 0x000000008d300000| Complete 
| 212|0x000000008d400000, 0x000000008d500000, 0x000000008d500000|100%| E|CS|TAMS 0x000000008d400000, 0x000000008d400000| Complete 
| 213|0x000000008d500000, 0x000000008d600000, 0x000000008d600000|100%| E|CS|TAMS 0x000000008d500000, 0x000000008d500000| Complete 
| 214|0x000000008d600000, 0x000000008d700000, 0x000000008d700000|100%| E|CS|TAMS 0x000000008d600000, 0x000000008d600000| Complete 
| 215|0x000000008d700000, 0x000000008d800000, 0x000000008d800000|100%| E|CS|TAMS 0x000000008d700000, 0x000000008d700000| Complete 
| 216|0x000000008d800000, 0x000000008d900000, 0x000000008d900000|100%| E|CS|TAMS 0x000000008d800000, 0x000000008d800000| Complete 
| 217|0x000000008d900000, 0x000000008da00000, 0x000000008da00000|100%| E|CS|TAMS 0x000000008d900000, 0x000000008d900000| Complete 
| 218|0x000000008da00000, 0x000000008db00000, 0x000000008db00000|100%| E|CS|TAMS 0x000000008da00000, 0x000000008da00000| Complete 
| 219|0x000000008db00000, 0x000000008dc00000, 0x000000008dc00000|100%| E|CS|TAMS 0x000000008db00000, 0x000000008db00000| Complete 
| 220|0x000000008dc00000, 0x000000008dd00000, 0x000000008dd00000|100%| E|CS|TAMS 0x000000008dc00000, 0x000000008dc00000| Complete 
| 221|0x000000008dd00000, 0x000000008de00000, 0x000000008de00000|100%| E|CS|TAMS 0x000000008dd00000, 0x000000008dd00000| Complete 
| 222|0x000000008de00000, 0x000000008df00000, 0x000000008df00000|100%| E|  |TAMS 0x000000008de00000, 0x000000008de00000| Complete 
| 223|0x000000008df00000, 0x000000008e000000, 0x000000008e000000|100%| E|CS|TAMS 0x000000008df00000, 0x000000008df00000| Complete 
| 224|0x000000008e000000, 0x000000008e100000, 0x000000008e100000|100%| E|CS|TAMS 0x000000008e000000, 0x000000008e000000| Complete 
| 225|0x000000008e100000, 0x000000008e200000, 0x000000008e200000|100%| E|CS|TAMS 0x000000008e100000, 0x000000008e100000| Complete 
| 226|0x000000008e200000, 0x000000008e300000, 0x000000008e300000|100%| E|CS|TAMS 0x000000008e200000, 0x000000008e200000| Complete 
| 227|0x000000008e300000, 0x000000008e400000, 0x000000008e400000|100%| E|CS|TAMS 0x000000008e300000, 0x000000008e300000| Complete 
| 228|0x000000008e400000, 0x000000008e500000, 0x000000008e500000|100%| E|CS|TAMS 0x000000008e400000, 0x000000008e400000| Complete 
| 229|0x000000008e500000, 0x000000008e600000, 0x000000008e600000|100%| S|CS|TAMS 0x000000008e500000, 0x000000008e500000| Complete 
| 230|0x000000008e600000, 0x000000008e700000, 0x000000008e700000|100%| S|CS|TAMS 0x000000008e600000, 0x000000008e600000| Complete 
| 231|0x000000008e700000, 0x000000008e800000, 0x000000008e800000|100%| S|CS|TAMS 0x000000008e700000, 0x000000008e700000| Complete 
| 232|0x000000008e800000, 0x000000008e900000, 0x000000008e900000|100%| E|CS|TAMS 0x000000008e800000, 0x000000008e800000| Complete 
| 233|0x000000008e900000, 0x000000008ea00000, 0x000000008ea00000|100%| E|CS|TAMS 0x000000008e900000, 0x000000008e900000| Complete 
| 234|0x000000008ea00000, 0x000000008eb00000, 0x000000008eb00000|100%| E|CS|TAMS 0x000000008ea00000, 0x000000008ea00000| Complete 
| 235|0x000000008eb00000, 0x000000008ec00000, 0x000000008ec00000|100%| E|CS|TAMS 0x000000008eb00000, 0x000000008eb00000| Complete 
| 236|0x000000008ec00000, 0x000000008ed00000, 0x000000008ed00000|100%| E|CS|TAMS 0x000000008ec00000, 0x000000008ec00000| Complete 
| 237|0x000000008ed00000, 0x000000008ee00000, 0x000000008ee00000|100%| E|CS|TAMS 0x000000008ed00000, 0x000000008ed00000| Complete 
| 238|0x000000008ee00000, 0x000000008ef00000, 0x000000008ef00000|100%| E|CS|TAMS 0x000000008ee00000, 0x000000008ee00000| Complete 
| 239|0x000000008ef00000, 0x000000008f000000, 0x000000008f000000|100%| E|CS|TAMS 0x000000008ef00000, 0x000000008ef00000| Complete 
| 240|0x000000008f000000, 0x000000008f100000, 0x000000008f100000|100%| E|CS|TAMS 0x000000008f000000, 0x000000008f000000| Complete 
| 241|0x000000008f100000, 0x000000008f200000, 0x000000008f200000|100%| E|CS|TAMS 0x000000008f100000, 0x000000008f100000| Complete 
| 242|0x000000008f200000, 0x000000008f300000, 0x000000008f300000|100%| E|CS|TAMS 0x000000008f200000, 0x000000008f200000| Complete 
| 243|0x000000008f300000, 0x000000008f400000, 0x000000008f400000|100%| E|CS|TAMS 0x000000008f300000, 0x000000008f300000| Complete 
| 244|0x000000008f400000, 0x000000008f500000, 0x000000008f500000|100%| E|CS|TAMS 0x000000008f400000, 0x000000008f400000| Complete 
| 245|0x000000008f500000, 0x000000008f600000, 0x000000008f600000|100%| E|CS|TAMS 0x000000008f500000, 0x000000008f500000| Complete 
| 246|0x000000008f600000, 0x000000008f700000, 0x000000008f700000|100%| E|CS|TAMS 0x000000008f600000, 0x000000008f600000| Complete 
| 247|0x000000008f700000, 0x000000008f800000, 0x000000008f800000|100%| E|CS|TAMS 0x000000008f700000, 0x000000008f700000| Complete 
| 248|0x000000008f800000, 0x000000008f900000, 0x000000008f900000|100%| E|CS|TAMS 0x000000008f800000, 0x000000008f800000| Complete 
| 249|0x000000008f900000, 0x000000008fa00000, 0x000000008fa00000|100%| E|CS|TAMS 0x000000008f900000, 0x000000008f900000| Complete 
| 250|0x000000008fa00000, 0x000000008fb00000, 0x000000008fb00000|100%| E|CS|TAMS 0x000000008fa00000, 0x000000008fa00000| Complete 
| 251|0x000000008fb00000, 0x000000008fc00000, 0x000000008fc00000|100%| E|CS|TAMS 0x000000008fb00000, 0x000000008fb00000| Complete 
| 252|0x000000008fc00000, 0x000000008fd00000, 0x000000008fd00000|100%| E|CS|TAMS 0x000000008fc00000, 0x000000008fc00000| Complete 
| 253|0x000000008fd00000, 0x000000008fe00000, 0x000000008fe00000|100%| E|CS|TAMS 0x000000008fd00000, 0x000000008fd00000| Complete 
| 254|0x000000008fe00000, 0x000000008ff00000, 0x000000008ff00000|100%| E|CS|TAMS 0x000000008fe00000, 0x000000008fe00000| Complete 
| 255|0x000000008ff00000, 0x0000000090000000, 0x0000000090000000|100%| E|CS|TAMS 0x000000008ff00000, 0x000000008ff00000| Complete 

Card table byte_map: [0x0000027776d30000,0x0000027777130000] _byte_map_base: 0x0000027776930000

Marking Bits (Prev, Next): (CMBitMap*) 0x0000027772930b18, (CMBitMap*) 0x0000027772930b50
 Prev Bits: [0x0000027777530000, 0x0000027779530000)
 Next Bits: [0x0000027779530000, 0x000002777b530000)

Polling page: 0x0000027770910000

Metaspace:

Usage:
  Non-class:     16.82 MB capacity,    16.47 MB ( 98%) used,   327.43 KB (  2%) free+waste,    34.63 KB ( <1%) overhead. 
      Class:      2.42 MB capacity,     2.27 MB ( 94%) used,   127.96 KB (  5%) free+waste,    17.13 KB ( <1%) overhead. 
       Both:     19.24 MB capacity,    18.74 MB ( 97%) used,   455.39 KB (  2%) free+waste,    51.75 KB ( <1%) overhead. 

Virtual space:
  Non-class space:       18.00 MB reserved,      17.00 MB ( 94%) committed 
      Class space:        1.00 GB reserved,       2.50 MB ( <1%) committed 
             Both:        1.02 GB reserved,      19.50 MB (  2%) committed 

Chunk freelists:
   Non-Class:  52.00 KB
       Class:  23.00 KB
        Both:  75.00 KB

MaxMetaspaceSize: 17179869184.00 GB
CompressedClassSpaceSize: 1.00 GB

CodeHeap 'non-profiled nmethods': size=120000Kb used=817Kb max_used=817Kb free=119182Kb
 bounds [0x0000027707ad0000, 0x0000027707d40000, 0x000002770f000000]
CodeHeap 'profiled nmethods': size=120000Kb used=3761Kb max_used=3761Kb free=116238Kb
 bounds [0x00000277005a0000, 0x0000027700950000, 0x0000027707ad0000]
CodeHeap 'non-nmethods': size=5760Kb used=1132Kb max_used=1149Kb free=4627Kb
 bounds [0x0000027700000000, 0x0000027700270000, 0x00000277005a0000]
 total_blobs=2273 nmethods=1806 adapters=379
 compilation: enabled
              stopped_count=0, restarted_count=0
 full_count=0

Compilation events (20 events):
Event: 5.193 Thread 0x000002777ea92000 1798       1       sun.reflect.generics.tree.ClassTypeSignature::getPath (5 bytes)
Event: 5.194 Thread 0x000002777ea92000 nmethod 1798 0x0000027707b9bb90 code [0x0000027707b9bd40, 0x0000027707b9bdf8]
Event: 5.194 Thread 0x000002777ea92000 1801       3       java.util.HashSet::clear (8 bytes)
Event: 5.194 Thread 0x000002777ea92000 nmethod 1801 0x0000027700948f90 code [0x0000027700949140, 0x0000027700949308]
Event: 5.194 Thread 0x000002777ea92000 1799       1       sun.reflect.generics.tree.SimpleClassTypeSignature::getName (5 bytes)
Event: 5.194 Thread 0x000002777ea92000 nmethod 1799 0x0000027707b9be90 code [0x0000027707b9c040, 0x0000027707b9c0f8]
Event: 5.194 Thread 0x000002777ea92000 1800       1       sun.reflect.generics.tree.SimpleClassTypeSignature::getDollar (5 bytes)
Event: 5.194 Thread 0x000002777ea92000 nmethod 1800 0x0000027707b9c190 code [0x0000027707b9c340, 0x0000027707b9c3f8]
Event: 5.195 Thread 0x000002777ea92000 1802       3       org.gradle.internal.service.DefaultServiceRegistry$OwnServices::add (66 bytes)
Event: 5.196 Thread 0x000002777ea92000 nmethod 1802 0x0000027700949410 code [0x0000027700949720, 0x000002770094a8b8]
Event: 5.196 Thread 0x000002777ea92000 1803       3       org.gradle.internal.service.DefaultServiceRegistry::access$1000 (5 bytes)
Event: 5.196 Thread 0x000002777ea92000 nmethod 1803 0x000002770094af10 code [0x000002770094b0c0, 0x000002770094b1c8]
Event: 5.196 Thread 0x000002777ea92000 1804       3       org.gradle.internal.service.DefaultServiceRegistry$OwnServices$ProviderAnalyser::addProviderForClassHierarchy (16 bytes)
Event: 5.196 Thread 0x000002777ea92000 nmethod 1804 0x000002770094b290 code [0x000002770094b460, 0x000002770094b658]
Event: 5.198 Thread 0x000002777ea92000 1805       3       java.lang.StringBuilder::<init> (18 bytes)
Event: 5.198 Thread 0x000002777ea92000 nmethod 1805 0x000002770094b790 code [0x000002770094b980, 0x000002770094bc58]
Event: 5.198 Thread 0x000002777ea92000 1806       3       java.lang.reflect.Constructor::<init> (50 bytes)
Event: 5.198 Thread 0x000002777ea92000 nmethod 1806 0x000002770094be10 code [0x000002770094bfe0, 0x000002770094c458]
Event: 5.200 Thread 0x000002777ea91000 1807       4       java.lang.AbstractStringBuilder::append (55 bytes)
Event: 5.201 Thread 0x000002777ea92000 1808       3       java.util.ArrayList$Itr::next (66 bytes)

GC Heap History (2 events):
Event: 1.195 GC heap before
{Heap before GC invocations=0 (full 0):
 garbage-first heap   total 262144K, used 29696K [0x0000000080000000, 0x0000000100000000)
  region size 1024K, 24 young (24576K), 0 survivors (0K)
 Metaspace       used 10164K, capacity 10405K, committed 10624K, reserved 1058816K
  class space    used 1062K, capacity 1107K, committed 1152K, reserved 1048576K
}
Event: 1.198 GC heap after
{Heap after GC invocations=1 (full 0):
 garbage-first heap   total 262144K, used 9439K [0x0000000080000000, 0x0000000100000000)
  region size 1024K, 3 young (3072K), 3 survivors (3072K)
 Metaspace       used 10164K, capacity 10405K, committed 10624K, reserved 1058816K
  class space    used 1062K, capacity 1107K, committed 1152K, reserved 1048576K
}

Deoptimization events (20 events):
Event: 3.881 Thread 0x000002777eaab000 Uncommon trap: trap_request=0xffffffc6 fr.pc=0x0000027707b1cd38 relative=0x00000000000004d8
Event: 3.881 Thread 0x000002777eaab000 Uncommon trap: reason=bimorphic_or_optimized_type_check action=maybe_recompile pc=0x0000027707b1cd38 method=java.util.concurrent.ConcurrentHashMap.get(Ljava/lang/Object;)Ljava/lang/Object; @ 149 c2
Event: 3.881 Thread 0x000002777eaab000 DEOPT PACKING pc=0x0000027707b1cd38 sp=0x000000b42c7fea50
Event: 3.881 Thread 0x000002777eaab000 DEOPT UNPACKING pc=0x00000277000278af sp=0x000000b42c7fe9f0 mode 2
Event: 3.887 Thread 0x000002777eaab000 Uncommon trap: trap_request=0xffffffc6 fr.pc=0x0000027707b1cd38 relative=0x00000000000004d8
Event: 3.887 Thread 0x000002777eaab000 Uncommon trap: reason=bimorphic_or_optimized_type_check action=maybe_recompile pc=0x0000027707b1cd38 method=java.util.concurrent.ConcurrentHashMap.get(Ljava/lang/Object;)Ljava/lang/Object; @ 149 c2
Event: 3.887 Thread 0x000002777eaab000 DEOPT PACKING pc=0x0000027707b1cd38 sp=0x000000b42c7fe680
Event: 3.887 Thread 0x000002777eaab000 DEOPT UNPACKING pc=0x00000277000278af sp=0x000000b42c7fe620 mode 2
Event: 3.944 Thread 0x000002777eaaf800 Uncommon trap: trap_request=0xffffffc6 fr.pc=0x0000027707b09234 relative=0x0000000000000a14
Event: 3.944 Thread 0x000002777eaaf800 Uncommon trap: reason=bimorphic_or_optimized_type_check action=maybe_recompile pc=0x0000027707b09234 method=java.util.HashMap.putVal(ILjava/lang/Object;Ljava/lang/Object;ZZ)Ljava/lang/Object; @ 253 c2
Event: 3.944 Thread 0x000002777eaaf800 DEOPT PACKING pc=0x0000027707b09234 sp=0x000000b42c9feae0
Event: 3.944 Thread 0x000002777eaaf800 DEOPT UNPACKING pc=0x00000277000278af sp=0x000000b42c9fea18 mode 2
Event: 3.944 Thread 0x000002777eaaf800 Uncommon trap: trap_request=0xffffffc6 fr.pc=0x0000027707b09234 relative=0x0000000000000a14
Event: 3.944 Thread 0x000002777eaaf800 Uncommon trap: reason=bimorphic_or_optimized_type_check action=maybe_recompile pc=0x0000027707b09234 method=java.util.HashMap.putVal(ILjava/lang/Object;Ljava/lang/Object;ZZ)Ljava/lang/Object; @ 253 c2
Event: 3.944 Thread 0x000002777eaaf800 DEOPT PACKING pc=0x0000027707b09234 sp=0x000000b42c9febd0
Event: 3.944 Thread 0x000002777eaaf800 DEOPT UNPACKING pc=0x00000277000278af sp=0x000000b42c9feb08 mode 2
Event: 4.383 Thread 0x000002777eaaf800 Uncommon trap: trap_request=0xffffff4d fr.pc=0x0000027707b7bf5c relative=0x00000000000013dc
Event: 4.383 Thread 0x000002777eaaf800 Uncommon trap: reason=unstable_if action=reinterpret pc=0x0000027707b7bf5c method=java.util.concurrent.ConcurrentHashMap.transfer([Ljava/util/concurrent/ConcurrentHashMap$Node;[Ljava/util/concurrent/ConcurrentHashMap$Node;)V @ 26 c2
Event: 4.383 Thread 0x000002777eaaf800 DEOPT PACKING pc=0x0000027707b7bf5c sp=0x000000b42c9fc400
Event: 4.383 Thread 0x000002777eaaf800 DEOPT UNPACKING pc=0x00000277000278af sp=0x000000b42c9fc3a0 mode 2

Classes redefined (0 events):
No events

Internal exceptions (20 events):
Event: 2.223 Thread 0x00000277728f2000 Exception <a 'java/security/PrivilegedActionException'{0x000000008dabe248}> (0x000000008dabe248) thrown at [./src/hotspot/share/prims/jvm.cpp, line 1306]
Event: 2.223 Thread 0x00000277728f2000 Exception <a 'java/security/PrivilegedActionException'{0x000000008dabe7c0}> (0x000000008dabe7c0) thrown at [./src/hotspot/share/prims/jvm.cpp, line 1306]
Event: 2.929 Thread 0x00000277728f2000 Exception <a 'java/lang/NoSuchMethodError'{0x000000008c998c48}: 'java.lang.Object java.lang.invoke.DirectMethodHandle$Holder.invokeStaticInit(java.lang.Object, java.lang.Object, java.lang.Object)'> (0x000000008c998c48) thrown at [./src/hotspot/share/interpreter/linkResolver.cpp, line 773]
Event: 3.201 Thread 0x00000277728f2000 Exception <a 'java/lang/NoSuchMethodError'{0x000000008c3259f0}: 'java.lang.Object java.lang.invoke.DirectMethodHandle$Holder.invokeStaticInit(java.lang.Object, int, int, int, int)'> (0x000000008c3259f0) thrown at [./src/hotspot/share/interpreter/linkResolver.cpp, line 773]
Event: 3.339 Thread 0x00000277728f2000 Exception <a 'java/lang/NoSuchMethodError'{0x000000008c3922e8}: 'java.lang.Object java.lang.invoke.DirectMethodHandle$Holder.invokeStaticInit(java.lang.Object, java.lang.Object, int, int, int, int)'> (0x000000008c3922e8) thrown at [./src/hotspot/share/interpreter/linkResolver.cpp, line 773]
Event: 3.790 Thread 0x00000277728f2000 Exception <a 'java/io/IOException'{0x000000008c1acea8}> (0x000000008c1acea8) thrown at [./src/hotspot/share/prims/jni.cpp, line 615]
Event: 3.880 Thread 0x000002777eaab000 Exception <a 'java/lang/NoSuchMethodError'{0x000000008bf202e0}: <clinit>> (0x000000008bf202e0) thrown at [./src/hotspot/share/prims/jni.cpp, line 1362]
Event: 3.881 Thread 0x000002777eaab000 Exception <a 'java/lang/NoSuchMethodError'{0x000000008bf28b78}: <clinit>> (0x000000008bf28b78) thrown at [./src/hotspot/share/prims/jni.cpp, line 1362]
Event: 3.882 Thread 0x000002777eaab000 Exception <a 'java/lang/NoSuchMethodError'{0x000000008bf3e6e8}: <clinit>> (0x000000008bf3e6e8) thrown at [./src/hotspot/share/prims/jni.cpp, line 1362]
Event: 3.889 Thread 0x000002777eaab000 Exception <a 'java/lang/NoSuchMethodError'{0x000000008bf977a8}: <clinit>> (0x000000008bf977a8) thrown at [./src/hotspot/share/prims/jni.cpp, line 1362]
Event: 3.892 Thread 0x000002777eaab000 Exception <a 'java/lang/NoSuchMethodError'{0x000000008bfd34d0}: <clinit>> (0x000000008bfd34d0) thrown at [./src/hotspot/share/prims/jni.cpp, line 1362]
Event: 3.896 Thread 0x000002777eaab000 Exception <a 'java/lang/NoSuchMethodError'{0x000000008be06290}: <clinit>> (0x000000008be06290) thrown at [./src/hotspot/share/prims/jni.cpp, line 1362]
Event: 4.144 Thread 0x000002777eaaf800 Exception <a 'java/lang/NoSuchMethodError'{0x000000008bb95860}: 'void java.lang.invoke.DirectMethodHandle$Holder.invokeVirtual(java.lang.Object, java.lang.Object, java.lang.Object, java.lang.Object)'> (0x000000008bb95860) thrown at [./src/hotspot/share/interpreter/linkResolver.cpp, line 773]
Event: 4.145 Thread 0x000002777eaaf800 Exception <a 'java/lang/NoSuchMethodError'{0x000000008bba22c8}: 'void java.lang.invoke.DelegatingMethodHandle$Holder.reinvoke_L(java.lang.Object, java.lang.Object, java.lang.Object, java.lang.Object)'> (0x000000008bba22c8) thrown at [./src/hotspot/share/interpreter/linkResolver.cpp, line 773]
Event: 4.190 Thread 0x000002777eaaf800 Exception <a 'java/lang/NoSuchMethodError'{0x000000008bbd2c58}: 'long java.lang.invoke.DirectMethodHandle$Holder.invokeInterface(java.lang.Object, java.lang.Object)'> (0x000000008bbd2c58) thrown at [./src/hotspot/share/interpreter/linkResolver.cpp, line 773]
Event: 4.191 Thread 0x000002777eaaf800 Exception <a 'java/lang/NoSuchMethodError'{0x000000008bbf5920}: 'void java.lang.invoke.DelegatingMethodHandle$Holder.reinvoke_L(java.lang.Object, java.lang.Object, java.lang.Object, java.lang.Object, java.lang.Object, java.lang.Object, java.lang.Object)'> (0x000000008bbf5920) thrown at [./src/hotspot/share/interpreter/linkResolver.cpp, line 773]
Event: 5.185 Thread 0x000002777eaaf800 Exception <a 'java/lang/NoSuchMethodError'{0x000000008aa125f8}: 'java.lang.Object java.lang.invoke.DirectMethodHandle$Holder.invokeVirtual(java.lang.Object, java.lang.Object, java.lang.Object)'> (0x000000008aa125f8) thrown at [./src/hotspot/share/interpreter/linkResolver.cpp, line 773]
Event: 5.200 Thread 0x000002777eaaf800 Exception <a 'java/lang/OutOfMemoryError'{0x000000008a894968}> (0x000000008a894968) thrown at [./src/hotspot/share/prims/jni.cpp, line 636]
Event: 5.200 Thread 0x000002777eaaf800 Exception <a 'java/lang/OutOfMemoryError'{0x000000008a894968}> (0x000000008a894968) thrown at [./src/hotspot/share/prims/jvm.cpp, line 1310]
Event: 5.200 Thread 0x000002777eaaf800 Exception <a 'java/lang/reflect/InvocationTargetException'{0x000000008a895188}> (0x000000008a895188) thrown at [./src/hotspot/share/runtime/reflection.cpp, line 1247]

Events (20 events):
Event: 5.198 loading class org/gradle/configurationcache/BuildTreeListenerManager
Event: 5.198 loading class org/gradle/configurationcache/BuildTreeListenerManager done
Event: 5.198 loading class org/gradle/configurationcache/initialization/ConfigurationCacheStartParameter
Event: 5.198 loading class org/gradle/configurationcache/initialization/ConfigurationCacheStartParameter done
Event: 5.199 loading class org/gradle/configurationcache/initialization/DefaultInjectedClasspathInstrumentationStrategy
Event: 5.199 loading class org/gradle/configurationcache/initialization/DefaultInjectedClasspathInstrumentationStrategy done
Event: 5.199 loading class org/gradle/plugin/use/resolve/service/internal/InjectedClasspathInstrumentationStrategy
Event: 5.199 loading class org/gradle/plugin/use/resolve/service/internal/InjectedClasspathInstrumentationStrategy done
Event: 5.199 loading class org/gradle/configurationcache/problems/ProblemsListener
Event: 5.199 loading class org/gradle/configurationcache/problems/ProblemsListener done
Event: 5.200 loading class org/gradle/configurationcache/ConfigurationCacheKey
Event: 5.200 loading class org/gradle/configurationcache/ConfigurationCacheKey done
Event: 5.200 loading class org/gradle/configurationcache/ConfigurationCacheReport
Event: 5.200 loading class org/gradle/configurationcache/ConfigurationCacheReport done
Event: 5.201 loading class org/gradle/execution/PassThruCancellableOperationManager
Event: 5.201 loading class org/gradle/execution/PassThruCancellableOperationManager done
Event: 5.201 loading class java/util/ArrayList$ListItr
Event: 5.201 loading class java/util/ArrayList$ListItr done
Event: 5.201 Executing VM operation: Deoptimize
Event: 5.201 Executing VM operation: Deoptimize done


Dynamic libraries:
0x00007ff70fe30000 - 0x00007ff70fe3a000 	C:\Program Files\Android\Android Studio\jre\bin\java.exe
0x00007ffd46770000 - 0x00007ffd46965000 	C:\WINDOWS\SYSTEM32\ntdll.dll
0x00007ffd45e70000 - 0x00007ffd45f2e000 	C:\WINDOWS\System32\KERNEL32.DLL
0x00007ffd43f80000 - 0x00007ffd44248000 	C:\WINDOWS\System32\KERNELBASE.dll
0x00007ffd44250000 - 0x00007ffd44350000 	C:\WINDOWS\System32\ucrtbase.dll
0x00007ffd381f0000 - 0x00007ffd38209000 	C:\Program Files\Android\Android Studio\jre\bin\jli.dll
0x00007ffd36bc0000 - 0x00007ffd36bd7000 	C:\Program Files\Android\Android Studio\jre\bin\VCRUNTIME140.dll
0x00007ffd460c0000 - 0x00007ffd46261000 	C:\WINDOWS\System32\USER32.dll
0x00007ffd44750000 - 0x00007ffd44772000 	C:\WINDOWS\System32\win32u.dll
0x00007ffd44a80000 - 0x00007ffd44aab000 	C:\WINDOWS\System32\GDI32.dll
0x00007ffd44440000 - 0x00007ffd4454d000 	C:\WINDOWS\System32\gdi32full.dll
0x00007ffd35a50000 - 0x00007ffd35cea000 	C:\WINDOWS\WinSxS\amd64_microsoft.windows.common-controls_6595b64144ccf1df_6.0.19041.1110_none_60b5254171f9507e\COMCTL32.dll
0x00007ffd446b0000 - 0x00007ffd4474d000 	C:\WINDOWS\System32\msvcp_win.dll
0x00007ffd465d0000 - 0x00007ffd4666e000 	C:\WINDOWS\System32\msvcrt.dll
0x00007ffd45d70000 - 0x00007ffd45da0000 	C:\WINDOWS\System32\IMM32.DLL
0x00007ffd2a480000 - 0x00007ffd2a51d000 	C:\Program Files\Android\Android Studio\jre\bin\msvcp140.dll
0x00007ffcf0d90000 - 0x00007ffcf185f000 	C:\Program Files\Android\Android Studio\jre\bin\server\jvm.dll
0x00007ffd46000000 - 0x00007ffd460ae000 	C:\WINDOWS\System32\ADVAPI32.dll
0x00007ffd44ab0000 - 0x00007ffd44b4c000 	C:\WINDOWS\System32\sechost.dll
0x00007ffd45bc0000 - 0x00007ffd45ce5000 	C:\WINDOWS\System32\RPCRT4.dll
0x00007ffd45e60000 - 0x00007ffd45e68000 	C:\WINDOWS\System32\PSAPI.DLL
0x00007ffd3fa50000 - 0x00007ffd3fa59000 	C:\WINDOWS\SYSTEM32\WSOCK32.dll
0x00007ffd35260000 - 0x00007ffd35287000 	C:\WINDOWS\SYSTEM32\WINMM.dll
0x00007ffd45d00000 - 0x00007ffd45d6b000 	C:\WINDOWS\System32\WS2_32.dll
0x00007ffd3f120000 - 0x00007ffd3f12a000 	C:\WINDOWS\SYSTEM32\VERSION.dll
0x00007ffd41cb0000 - 0x00007ffd41cc2000 	C:\WINDOWS\SYSTEM32\kernel.appcore.dll
0x00007ffd3fa30000 - 0x00007ffd3fa41000 	C:\Program Files\Android\Android Studio\jre\bin\verify.dll
0x00007ffd3e690000 - 0x00007ffd3e874000 	C:\WINDOWS\SYSTEM32\DBGHELP.DLL
0x00007ffd3e640000 - 0x00007ffd3e66c000 	C:\WINDOWS\SYSTEM32\dbgcore.DLL
0x00007ffd443b0000 - 0x00007ffd44432000 	C:\WINDOWS\System32\bcryptPrimitives.dll
0x00007ffd3fa00000 - 0x00007ffd3fa29000 	C:\Program Files\Android\Android Studio\jre\bin\java.dll
0x00007ffd355a0000 - 0x00007ffd355ab000 	C:\Program Files\Android\Android Studio\jre\bin\jimage.dll
0x00007ffd35580000 - 0x00007ffd35598000 	C:\Program Files\Android\Android Studio\jre\bin\zip.dll
0x00007ffd44b50000 - 0x00007ffd45294000 	C:\WINDOWS\System32\SHELL32.dll
0x00007ffd41f90000 - 0x00007ffd42725000 	C:\WINDOWS\SYSTEM32\windows.storage.dll
0x00007ffd46270000 - 0x00007ffd465c5000 	C:\WINDOWS\System32\combase.dll
0x00007ffd438d0000 - 0x00007ffd438fe000 	C:\WINDOWS\SYSTEM32\Wldp.dll
0x00007ffd45960000 - 0x00007ffd45a0d000 	C:\WINDOWS\System32\SHCORE.dll
0x00007ffd46670000 - 0x00007ffd466c5000 	C:\WINDOWS\System32\shlwapi.dll
0x00007ffd43dc0000 - 0x00007ffd43ddf000 	C:\WINDOWS\SYSTEM32\profapi.dll
0x00007ffd35560000 - 0x00007ffd3557a000 	C:\Program Files\Android\Android Studio\jre\bin\net.dll
0x00007ffd3e0f0000 - 0x00007ffd3e1fc000 	C:\WINDOWS\SYSTEM32\WINHTTP.dll
0x00007ffd43630000 - 0x00007ffd4369a000 	C:\WINDOWS\system32\mswsock.dll
0x00007ffd35540000 - 0x00007ffd35554000 	C:\Program Files\Android\Android Studio\jre\bin\nio.dll
0x00007ffd37d20000 - 0x00007ffd37d47000 	C:\Users\user\.gradle\native\8bec1ad78214c89d9ad589b4d07fe93259594b29d510b10fafb7a158f7737e5d\windows-amd64\native-platform.dll
0x00007ffd22110000 - 0x00007ffd2224d000 	C:\Users\user\.gradle\native\53dbd7edfb1c66fb8903c78663c9afc45aea4f116125fa6feffd364cf09443e8\windows-amd64\native-platform-file-events.dll
0x00007ffd35530000 - 0x00007ffd3553a000 	C:\Program Files\Android\Android Studio\jre\bin\management.dll
0x00007ffd35520000 - 0x00007ffd3552c000 	C:\Program Files\Android\Android Studio\jre\bin\management_ext.dll
0x00007ffd43820000 - 0x00007ffd43838000 	C:\WINDOWS\SYSTEM32\CRYPTSP.dll
0x00007ffd42f40000 - 0x00007ffd42f74000 	C:\WINDOWS\system32\rsaenh.dll
0x00007ffd44780000 - 0x00007ffd447a7000 	C:\WINDOWS\System32\bcrypt.dll
0x00007ffd43d80000 - 0x00007ffd43dae000 	C:\WINDOWS\SYSTEM32\USERENV.dll
0x00007ffd43840000 - 0x00007ffd4384c000 	C:\WINDOWS\SYSTEM32\CRYPTBASE.dll
0x00007ffd432d0000 - 0x00007ffd4330b000 	C:\WINDOWS\SYSTEM32\IPHLPAPI.DLL
0x00007ffd460b0000 - 0x00007ffd460b8000 	C:\WINDOWS\System32\NSI.dll
0x00007ffd3f420000 - 0x00007ffd3f437000 	C:\WINDOWS\SYSTEM32\dhcpcsvc6.DLL
0x00007ffd3f400000 - 0x00007ffd3f41d000 	C:\WINDOWS\SYSTEM32\dhcpcsvc.DLL
0x00007ffd43320000 - 0x00007ffd433eb000 	C:\WINDOWS\SYSTEM32\DNSAPI.dll

dbghelp: loaded successfully - version: 4.0.5 - missing functions: none
symbol engine: initialized successfully - sym options: 0x614 - pdb path: .;C:\Program Files\Android\Android Studio\jre\bin;C:\WINDOWS\SYSTEM32;C:\WINDOWS\WinSxS\amd64_microsoft.windows.common-controls_6595b64144ccf1df_6.0.19041.1110_none_60b5254171f9507e;C:\Program Files\Android\Android Studio\jre\bin\server;C:\Users\user\.gradle\native\8bec1ad78214c89d9ad589b4d07fe93259594b29d510b10fafb7a158f7737e5d\windows-amd64;C:\Users\user\.gradle\native\53dbd7edfb1c66fb8903c78663c9afc45aea4f116125fa6feffd364cf09443e8\windows-amd64

VM Arguments:
jvm_args: --add-opens=java.base/java.util=ALL-UNNAMED --add-opens=java.base/java.lang=ALL-UNNAMED --add-opens=java.base/java.lang.invoke=ALL-UNNAMED --add-opens=java.base/java.util=ALL-UNNAMED --add-opens=java.prefs/java.util.prefs=ALL-UNNAMED --add-opens=java.prefs/java.util.prefs=ALL-UNNAMED --add-opens=java.base/java.nio.charset=ALL-UNNAMED --add-opens=java.base/java.net=ALL-UNNAMED --add-opens=java.base/java.util.concurrent.atomic=ALL-UNNAMED -Xmx2048m -Dfile.encoding=UTF-8 -Duser.country=KR -Duser.language=ko -Duser.variant 
java_command: org.gradle.launcher.daemon.bootstrap.GradleDaemon 7.0.2
java_class_path (initial): C:\Users\user\.gradle\wrapper\dists\gradle-7.0.2-bin\857tjihv64xamwrf0h14cai3r\gradle-7.0.2\lib\gradle-launcher-7.0.2.jar
Launcher Type: SUN_STANDARD

[Global flags]
     intx CICompilerCount                          = 4                                         {product} {ergonomic}
     uint ConcGCThreads                            = 3                                         {product} {ergonomic}
     uint G1ConcRefinementThreads                  = 10                                        {product} {ergonomic}
   size_t G1HeapRegionSize                         = 1048576                                   {product} {ergonomic}
    uintx GCDrainStackTargetSize                   = 64                                        {product} {ergonomic}
   size_t InitialHeapSize                          = 268435456                                 {product} {ergonomic}
   size_t MarkStackSize                            = 4194304                                   {product} {ergonomic}
   size_t MaxHeapSize                              = 2147483648                                {product} {command line}
   size_t MaxNewSize                               = 1287651328                                {product} {ergonomic}
   size_t MinHeapDeltaBytes                        = 1048576                                   {product} {ergonomic}
    uintx NonNMethodCodeHeapSize                   = 5836300                                {pd product} {ergonomic}
    uintx NonProfiledCodeHeapSize                  = 122910970                              {pd product} {ergonomic}
    uintx ProfiledCodeHeapSize                     = 122910970                              {pd product} {ergonomic}
    uintx ReservedCodeCacheSize                    = 251658240                              {pd product} {ergonomic}
     bool SegmentedCodeCache                       = true                                      {product} {ergonomic}
     bool UseCompressedClassPointers               = true                                 {lp64_product} {ergonomic}
     bool UseCompressedOops                        = true                                 {lp64_product} {ergonomic}
     bool UseG1GC                                  = true                                      {product} {ergonomic}
     bool UseLargePagesIndividualAllocation        = false                                  {pd product} {ergonomic}

Logging:
Log output configuration:
 #0: stdout all=warning uptime,level,tags
 #1: stderr all=off uptime,level,tags

Environment Variables:
PATH=C:\Python39\Scripts\;C:\Python39\;C:\Python38-64\Scripts;C:\Python38-64;C:\Program Files (x86)\Common Files\Oracle\Java\javapath;C:\WINDOWS\system32;C:\WINDOWS;C:\WINDOWS\System32\Wbem;C:\WINDOWS\System32\WindowsPowerShell\v1.0\;C:\WINDOWS\System32\OpenSSH\;C:\Users\user\pythonworkspace;C:\ProgramData\chocolatey\bin;C:\Users\user\AppData\Roaming\nvm;C:\Program Files\nodejs;C:\Program Files\Git\cmd;C:\Program Files\nodejs\;C:\Program Files (x86)\dotnet\;C:\Program Files\dotnet\;C:\python38-64\Scripts\;C:\python38-64\;C:\Users\user\AppData\Local\Microsoft\WindowsApps;C:\Users\user\AppData\Local\Programs\Microsoft VS Code\bin;C:\Program Files\Java\jdk1.8.0_281\bin;C:\Users\user\AppData\Local\atom\bin;C:\Users\user\AppData\Local\GitHubDesktop\bin;C:\Users\user\AppData\Roaming\nvm;C:\Program Files\nodejs;C:\Users\user\AppData\Roaming\npm;C:\Users\user\flutter\bin;C:\Users\user\.dotnet\tools;C:\Program Files\dotnet\sdk;C:\Program Files (x86)\dotnet;C:\reactnativespace;C:\Program Files\OpenSSL-Win64\bin;
USERNAME=user
OS=Windows_NT
PROCESSOR_IDENTIFIER=Intel64 Family 6 Model 165 Stepping 3, GenuineIntel



---------------  S Y S T E M  ---------------

OS: Windows 10 , 64 bit Build 19041 (10.0.19041.1466)
OS uptime: 3 days 17:56 hours

CPU:total 12 (initial active 12) (6 cores per cpu, 2 threads per core) family 6 model 165 stepping 3 microcode 0xcc, cmov, cx8, fxsr, mmx, sse, sse2, sse3, ssse3, sse4.1, sse4.2, popcnt, avx, avx2, aes, clmul, erms, 3dnowpref, lzcnt, ht, tsc, tscinvbit, bmi1, bmi2, adx, fma

Memory: 4k page, system-wide physical 16309M (1888M free)
TotalPageFile size 24501M (AvailPageFile size 81M)
current process WorkingSet (physical memory assigned to process): 176M, peak: 179M
current process commit charge ("private bytes"): 381M, peak: 387M

vm_info: OpenJDK 64-Bit Server VM (11.0.10+0-b96-7249189) for windows-amd64 JRE (11.0.10+0-b96-7249189), built on Mar 31 2021 21:44:00 by "builder" with MS VC++ 14.0 (VS2015)

END.
